<?xml version="1.0" encoding="UTF-8"?>
<testsuite name="tests.WebQuizEngineTest" tests="1" skipped="0" failures="1" errors="0" timestamp="2021-06-12T08:01:42" hostname="DESKTOP-U91GHR6" time="9.867">
  <properties/>
  <testcase name="start" classname="tests.WebQuizEngineTest" time="9.867">
    <failure message="java.lang.AssertionError: Wrong answer in test #82&#10;&#10;POST /api/quizzes/5/solve should respond with status code 200, responded: 500&#10;&#10;Response body:&#10;&#10;{&quot;timestamp&quot;:&quot;2021-06-12T08:01:52.019+0000&quot;,&quot;status&quot;:500,&quot;error&quot;:&quot;Internal Server Error&quot;,&quot;message&quot;:&quot;No message available&quot;,&quot;path&quot;:&quot;/api/quizzes/5/solve&quot;}&#10;&#10;Please find below the output of your program during this failed test.&#10;&#10;---&#10;&#10;&#10;  .   ____          _            __ _ _&#10; /\\ / ___'_ __ _ _(_)_ __  __ _ \ \ \ \&#10;( ( )\___ | '_ | '_| | '_ \/ _` | \ \ \ \&#10; \\/  ___)| |_)| | | | | || (_| |  ) ) ) )&#10;  '  |____| .__|_| |_|_| |_\__, | / / / /&#10; =========|_|==============|___/=/_/_/_/&#10; :: Spring Boot ::        (v2.2.2.RELEASE)&#10;&#10;2021-06-12 11:01:43.569  INFO 5708 --- [    Test worker] engine.WebQuizEngine                     : Starting WebQuizEngine on DESKTOP-U91GHR6 with PID 5708 (started by girsa in E:\Web Quiz Engine\Web Quiz Engine\task)&#10;2021-06-12 11:01:43.587  INFO 5708 --- [    Test worker] engine.WebQuizEngine                     : No active profile set, falling back to default profiles: default&#10;2021-06-12 11:01:46.638  INFO 5708 --- [    Test worker] o.s.b.w.embedded.tomcat.TomcatWebServer  : Tomcat initialized with port(s): 8889 (http)&#10;2021-06-12 11:01:46.665  INFO 5708 --- [    Test worker] o.apache.catalina.core.StandardService   : Starting service [Tomcat]&#10;2021-06-12 11:01:46.666  INFO 5708 --- [    Test worker] org.apache.catalina.core.StandardEngine  : Starting Servlet engine: [Apache Tomcat/9.0.29]&#10;2021-06-12 11:01:46.872  INFO 5708 --- [    Test worker] o.a.c.c.C.[Tomcat].[localhost].[/]       : Initializing Spring embedded WebApplicationContext&#10;2021-06-12 11:01:46.873  INFO 5708 --- [    Test worker] o.s.web.context.ContextLoader            : Root WebApplicationContext: initialization completed in 3168 ms&#10;2021-06-12 11:01:47.962  INFO 5708 --- [    Test worker] o.s.s.concurrent.ThreadPoolTaskExecutor  : Initializing ExecutorService 'applicationTaskExecutor'&#10;2021-06-12 11:01:48.644  INFO 5708 --- [    Test worker] o.s.b.a.e.web.EndpointLinksResolver      : Exposing 14 endpoint(s) beneath base path '/actuator'&#10;2021-06-12 11:01:48.864  INFO 5708 --- [    Test worker] o.s.b.w.embedded.tomcat.TomcatWebServer  : Tomcat started on port(s): 8889 (http) with context path ''&#10;2021-06-12 11:01:48.886  INFO 5708 --- [    Test worker] engine.WebQuizEngine                     : Started WebQuizEngine in 6.23 seconds (JVM running for 8.081)&#10;2021-06-12 11:01:49.774  INFO 5708 --- [nio-8889-exec-1] o.a.c.c.C.[Tomcat].[localhost].[/]       : Initializing Spring DispatcherServlet 'dispatcherServlet'&#10;2021-06-12 11:01:49.776  INFO 5708 --- [nio-8889-exec-1] o.s.web.servlet.DispatcherServlet        : Initializing Servlet 'dispatcherServlet'&#10;2021-06-12 11:01:49.794  INFO 5708 --- [nio-8889-exec-1] o.s.web.servlet.DispatcherServlet        : Completed initialization in 17 ms&#10;Right answers: [2 ]&#10;User answers: [0 ]&#10;false|Wrong answer! Please, try again.&#10;Right answers: [2 ]&#10;User answers: [1 ]&#10;false|Wrong answer! Please, try again.&#10;Right answers: [2 ]&#10;User answers: [2 ]&#10;true|Congratulations, you're right!&#10;Right answers: [2 ]&#10;User answers: [3 ]&#10;false|Wrong answer! Please, try again.&#10;Right answers: [1 ]&#10;User answers: [0 ]&#10;false|Wrong answer! Please, try again.&#10;Right answers: [1 ]&#10;User answers: [1 ]&#10;true|Congratulations, you're right!&#10;Right answers: [1 ]&#10;User answers: [2 ]&#10;false|Wrong answer! Please, try again.&#10;Right answers: [1 ]&#10;User answers: [3 ]&#10;false|Wrong answer! Please, try again.&#10;2021-06-12 11:01:51.002  WARN 5708 --- [nio-8889-exec-8] .w.s.m.s.DefaultHandlerExceptionResolver : Resolved [org.springframework.http.converter.HttpMessageNotReadableException: JSON parse error: Unexpected character ('&quot;' (code 34)): was expecting comma to separate Object entries; nested exception is com.fasterxml.jackson.core.JsonParseException: Unexpected character ('&quot;' (code 34)): was expecting comma to separate Object entries&#10; at [Source: (PushbackInputStream); line: 4, column: 4]]&#10;2021-06-12 11:01:51.017  WARN 5708 --- [nio-8889-exec-9] .w.s.m.s.DefaultHandlerExceptionResolver : Resolved [org.springframework.http.converter.HttpMessageNotReadableException: JSON parse error: Unexpected character ('&quot;' (code 34)): was expecting comma to separate Object entries; nested exception is com.fasterxml.jackson.core.JsonParseException: Unexpected character ('&quot;' (code 34)): was expecting comma to separate Object entries&#10; at [Source: (PushbackInputStream); line: 5, column: 4]]&#10;2021-06-12 11:01:51.029  WARN 5708 --- [nio-8889-exec-2] .w.s.m.s.DefaultHandlerExceptionResolver : Resolved [org.springframework.http.converter.HttpMessageNotReadableException: JSON parse error: Unexpected character ('&quot;' (code 34)): was expecting comma to separate Object entries; nested exception is com.fasterxml.jackson.core.JsonParseException: Unexpected character ('&quot;' (code 34)): was expecting comma to separate Object entries&#10; at [Source: (PushbackInputStream); line: 4, column: 4]]&#10;2021-06-12 11:01:51.043  WARN 5708 --- [nio-8889-exec-1] .w.s.m.s.DefaultHandlerExceptionResolver : Resolved [org.springframework.http.converter.HttpMessageNotReadableException: JSON parse error: Unexpected character ('&quot;' (code 34)): was expecting comma to separate Object entries; nested exception is com.fasterxml.jackson.core.JsonParseException: Unexpected character ('&quot;' (code 34)): was expecting comma to separate Object entries&#10; at [Source: (PushbackInputStream); line: 5, column: 4]]&#10;2021-06-12 11:01:51.114  WARN 5708 --- [nio-8889-exec-3] .w.s.m.s.DefaultHandlerExceptionResolver : Resolved [org.springframework.web.bind.MethodArgumentNotValidException: Validation failed for argument [0] in public engine.entity.Quiz engine.controllers.QuizController.createQuiz(engine.entity.Quiz): [Field error in object 'quiz' on field 'options': rejected value [null]; codes [NotNull.quiz.options,NotNull.options,NotNull.[Ljava.lang.String;,NotNull]; arguments [org.springframework.context.support.DefaultMessageSourceResolvable: codes [quiz.options,options]; arguments []; default message [options]]; default message [must not be null]] ]&#10;2021-06-12 11:01:51.157  WARN 5708 --- [io-8889-exec-10] .w.s.m.s.DefaultHandlerExceptionResolver : Resolved [org.springframework.http.converter.HttpMessageNotReadableException: JSON parse error: Unexpected character ('&quot;' (code 34)): was expecting comma to separate Object entries; nested exception is com.fasterxml.jackson.core.JsonParseException: Unexpected character ('&quot;' (code 34)): was expecting comma to separate Object entries&#10; at [Source: (PushbackInputStream); line: 5, column: 4]]&#10;2021-06-12 11:01:51.170  WARN 5708 --- [nio-8889-exec-7] .w.s.m.s.DefaultHandlerExceptionResolver : Resolved [org.springframework.http.converter.HttpMessageNotReadableException: JSON parse error: Unexpected character ('&quot;' (code 34)): was expecting comma to separate Object entries; nested exception is com.fasterxml.jackson.core.JsonParseException: Unexpected character ('&quot;' (code 34)): was expecting comma to separate Object entries&#10; at [Source: (PushbackInputStream); line: 5, column: 4]]&#10;Right answers: [0 1 ]&#10;User answers: []&#10;false|Wrong answer! Please, try again.&#10;Right answers: [0 1 ]&#10;User answers: [0 ]&#10;false|Wrong answer! Please, try again.&#10;Right answers: [0 1 ]&#10;User answers: [1 ]&#10;false|Wrong answer! Please, try again.&#10;Right answers: [0 1 ]&#10;User answers: [2 ]&#10;false|Wrong answer! Please, try again.&#10;Right answers: [0 1 ]&#10;User answers: [3 ]&#10;false|Wrong answer! Please, try again.&#10;Right answers: [0 1 ]&#10;User answers: [0 1 ]&#10;true|Congratulations, you're right!&#10;Right answers: [0 1 ]&#10;User answers: [0 2 ]&#10;false|Wrong answer! Please, try again.&#10;Right answers: [0 1 ]&#10;User answers: [0 3 ]&#10;false|Wrong answer! Please, try again.&#10;Right answers: [0 1 ]&#10;User answers: [1 2 ]&#10;false|Wrong answer! Please, try again.&#10;Right answers: [0 1 ]&#10;User answers: [1 3 ]&#10;false|Wrong answer! Please, try again.&#10;Right answers: [0 1 ]&#10;User answers: [2 3 ]&#10;false|Wrong answer! Please, try again.&#10;Right answers: [0 1 ]&#10;User answers: [0 1 2 ]&#10;false|Wrong answer! Please, try again.&#10;Right answers: [0 1 ]&#10;User answers: [0 1 3 ]&#10;false|Wrong answer! Please, try again.&#10;Right answers: [0 1 ]&#10;User answers: [1 2 3 ]&#10;false|Wrong answer! Please, try again.&#10;Right answers: [0 1 ]&#10;User answers: [0 1 2 3 ]&#10;false|Wrong answer! Please, try again.&#10;Right answers: [1 3 ]&#10;User answers: []&#10;false|Wrong answer! Please, try again.&#10;Right answers: [1 3 ]&#10;User answers: [0 ]&#10;false|Wrong answer! Please, try again.&#10;Right answers: [1 3 ]&#10;User answers: [1 ]&#10;false|Wrong answer! Please, try again.&#10;Right answers: [1 3 ]&#10;User answers: [2 ]&#10;false|Wrong answer! Please, try again.&#10;Right answers: [1 3 ]&#10;User answers: [3 ]&#10;false|Wrong answer! Please, try again.&#10;Right answers: [1 3 ]&#10;User answers: [0 1 ]&#10;false|Wrong answer! Please, try again.&#10;Right answers: [1 3 ]&#10;User answers: [0 2 ]&#10;false|Wrong answer! Please, try again.&#10;Right answers: [1 3 ]&#10;User answers: [0 3 ]&#10;false|Wrong answer! Please, try again.&#10;Right answers: [1 3 ]&#10;User answers: [1 2 ]&#10;false|Wrong answer! Please, try again.&#10;Right answers: [1 3 ]&#10;User answers: [1 3 ]&#10;true|Congratulations, you're right!&#10;Right answers: [1 3 ]&#10;User answers: [2 3 ]&#10;false|Wrong answer! Please, try again.&#10;Right answers: [1 3 ]&#10;User answers: [0 1 2 ]&#10;false|Wrong answer! Please, try again.&#10;Right answers: [1 3 ]&#10;User answers: [0 1 3 ]&#10;false|Wrong answer! Please, try again.&#10;Right answers: [1 3 ]&#10;User answers: [1 2 3 ]&#10;false|Wrong answer! Please, try again.&#10;Right answers: [1 3 ]&#10;User answers: [0 1 2 3 ]&#10;false|Wrong answer! Please, try again.&#10;Right answers: []&#10;User answers: []&#10;true|Congratulations, you're right!&#10;Right answers: []&#10;User answers: [0 ]&#10;false|Wrong answer! Please, try again.&#10;Right answers: []&#10;User answers: [1 ]&#10;false|Wrong answer! Please, try again.&#10;Right answers: []&#10;User answers: [2 ]&#10;false|Wrong answer! Please, try again.&#10;Right answers: []&#10;User answers: [3 ]&#10;false|Wrong answer! Please, try again.&#10;Right answers: []&#10;User answers: [0 1 ]&#10;false|Wrong answer! Please, try again.&#10;Right answers: []&#10;User answers: [0 2 ]&#10;false|Wrong answer! Please, try again.&#10;Right answers: []&#10;User answers: [0 3 ]&#10;false|Wrong answer! Please, try again.&#10;Right answers: []&#10;User answers: [1 2 ]&#10;false|Wrong answer! Please, try again.&#10;Right answers: []&#10;User answers: [1 3 ]&#10;false|Wrong answer! Please, try again.&#10;Right answers: []&#10;User answers: [2 3 ]&#10;false|Wrong answer! Please, try again.&#10;Right answers: []&#10;User answers: [0 1 2 ]&#10;false|Wrong answer! Please, try again.&#10;Right answers: []&#10;User answers: [0 1 3 ]&#10;false|Wrong answer! Please, try again.&#10;Right answers: []&#10;User answers: [1 2 3 ]&#10;false|Wrong answer! Please, try again.&#10;Right answers: []&#10;User answers: [0 1 2 3 ]&#10;false|Wrong answer! Please, try again.&#10;Right answers: [2021-06-12 11:01:52.002 ERROR 5708 --- [nio-8889-exec-2] o.a.c.c.C.[.[.[/].[dispatcherServlet]    : Servlet.service() for servlet [dispatcherServlet] in context with path [] threw exception [Request processing failed; nested exception is java.lang.NullPointerException] with root cause&#10;&#10;java.lang.NullPointerException: null&#10;&#9;at engine.service.Service.printArray(Service.java:65) ~[main/:na]&#10;&#9;at engine.service.Service.solveQuiz(Service.java:40) ~[main/:na]&#10;&#9;at engine.controllers.QuizController.solveQuiz(QuizController.java:49) ~[main/:na]&#10;&#9;at engine.controllers.QuizController$$FastClassBySpringCGLIB$$d9b92594.invoke(&lt;generated&gt;) ~[main/:na]&#10;&#9;at org.springframework.cglib.proxy.MethodProxy.invoke(MethodProxy.java:218) ~[spring-core-5.2.2.RELEASE.jar:5.2.2.RELEASE]&#10;&#9;at org.springframework.aop.framework.CglibAopProxy$CglibMethodInvocation.invokeJoinpoint(CglibAopProxy.java:769) ~[spring-aop-5.2.2.RELEASE.jar:5.2.2.RELEASE]&#10;&#9;at org.springframework.aop.framework.ReflectiveMethodInvocation.proceed(ReflectiveMethodInvocation.java:163) ~[spring-aop-5.2.2.RELEASE.jar:5.2.2.RELEASE]&#10;&#9;at org.springframework.aop.framework.CglibAopProxy$CglibMethodInvocation.proceed(CglibAopProxy.java:747) ~[spring-aop-5.2.2.RELEASE.jar:5.2.2.RELEASE]&#10;&#9;at org.springframework.validation.beanvalidation.MethodValidationInterceptor.invoke(MethodValidationInterceptor.java:120) ~[spring-context-5.2.2.RELEASE.jar:5.2.2.RELEASE]&#10;&#9;at org.springframework.aop.framework.ReflectiveMethodInvocation.proceed(ReflectiveMethodInvocation.java:186) ~[spring-aop-5.2.2.RELEASE.jar:5.2.2.RELEASE]&#10;&#9;at org.springframework.aop.framework.CglibAopProxy$CglibMethodInvocation.proceed(CglibAopProxy.java:747) ~[spring-aop-5.2.2.RELEASE.jar:5.2.2.RELEASE]&#10;&#9;at org.springframework.aop.framework.CglibAopProxy$DynamicAdvisedInterceptor.intercept(CglibAopProxy.java:689) ~[spring-aop-5.2.2.RELEASE.jar:5.2.2.RELEASE]&#10;&#9;at engine.controllers.QuizController$$EnhancerBySpringCGLIB$$a51a948f.solveQuiz(&lt;generated&gt;) ~[main/:na]&#10;&#9;at jdk.internal.reflect.GeneratedMethodAccessor40.invoke(Unknown Source) ~[na:na]&#10;&#9;at java.base/jdk.internal.reflect.DelegatingMethodAccessorImpl.invoke(DelegatingMethodAccessorImpl.java:43) ~[na:na]&#10;&#9;at java.base/java.lang.reflect.Method.invoke(Method.java:566) ~[na:na]&#10;&#9;at org.springframework.web.method.support.InvocableHandlerMethod.doInvoke(InvocableHandlerMethod.java:190) ~[spring-web-5.2.2.RELEASE.jar:5.2.2.RELEASE]&#10;&#9;at org.springframework.web.method.support.InvocableHandlerMethod.invokeForRequest(InvocableHandlerMethod.java:138) ~[spring-web-5.2.2.RELEASE.jar:5.2.2.RELEASE]&#10;&#9;at org.springframework.web.servlet.mvc.method.annotation.ServletInvocableHandlerMethod.invokeAndHandle(ServletInvocableHandlerMethod.java:106) ~[spring-webmvc-5.2.2.RELEASE.jar:5.2.2.RELEASE]&#10;&#9;at org.springframework.web.servlet.mvc.method.annotation.RequestMappingHandlerAdapter.invokeHandlerMethod(RequestMappingHandlerAdapter.java:888) ~[spring-webmvc-5.2.2.RELEASE.jar:5.2.2.RELEASE]&#10;&#9;at org.springframework.web.servlet.mvc.method.annotation.RequestMappingHandlerAdapter.handleInternal(RequestMappingHandlerAdapter.java:793) ~[spring-webmvc-5.2.2.RELEASE.jar:5.2.2.RELEASE]&#10;&#9;at org.springframework.web.servlet.mvc.method.AbstractHandlerMethodAdapter.handle(AbstractHandlerMethodAdapter.java:87) ~[spring-webmvc-5.2.2.RELEASE.jar:5.2.2.RELEASE]&#10;&#9;at org.springframework.web.servlet.DispatcherServlet.doDispatch(DispatcherServlet.java:1040) ~[spring-webmvc-5.2.2.RELEASE.jar:5.2.2.RELEASE]&#10;&#9;at org.springframework.web.servlet.DispatcherServlet.doService(DispatcherServlet.java:943) ~[spring-webmvc-5.2.2.RELEASE.jar:5.2.2.RELEASE]&#10;&#9;at org.springframework.web.servlet.FrameworkServlet.processRequest(FrameworkServlet.java:1006) ~[spring-webmvc-5.2.2.RELEASE.jar:5.2.2.RELEASE]&#10;&#9;at org.springframework.web.servlet.FrameworkServlet.doPost(FrameworkServlet.java:909) ~[spring-webmvc-5.2.2.RELEASE.jar:5.2.2.RELEASE]&#10;&#9;at javax.servlet.http.HttpServlet.service(HttpServlet.java:660) ~[tomcat-embed-core-9.0.29.jar:9.0.29]&#10;&#9;at org.springframework.web.servlet.FrameworkServlet.service(FrameworkServlet.java:883) ~[spring-webmvc-5.2.2.RELEASE.jar:5.2.2.RELEASE]&#10;&#9;at javax.servlet.http.HttpServlet.service(HttpServlet.java:741) ~[tomcat-embed-core-9.0.29.jar:9.0.29]&#10;&#9;at jdk.internal.reflect.GeneratedMethodAccessor36.invoke(Unknown Source) ~[na:na]&#10;&#9;at java.base/jdk.internal.reflect.DelegatingMethodAccessorImpl.invoke(DelegatingMethodAccessorImpl.java:43) ~[na:na]&#10;&#9;at java.base/java.lang.reflect.Method.invoke(Method.java:566) ~[na:na]&#10;&#9;at org.apache.catalina.security.SecurityUtil$1.run(SecurityUtil.java:282) ~[tomcat-embed-core-9.0.29.jar:9.0.29]&#10;&#9;at org.apache.catalina.security.SecurityUtil$1.run(SecurityUtil.java:279) ~[tomcat-embed-core-9.0.29.jar:9.0.29]&#10;&#9;at java.base/java.security.AccessController.doPrivileged(Native Method) ~[na:na]&#10;&#9;at java.base/javax.security.auth.Subject.doAsPrivileged(Subject.java:550) ~[na:na]&#10;&#9;at org.apache.catalina.security.SecurityUtil.execute(SecurityUtil.java:314) ~[tomcat-embed-core-9.0.29.jar:9.0.29]&#10;&#9;at org.apache.catalina.security.SecurityUtil.doAsPrivilege(SecurityUtil.java:170) ~[tomcat-embed-core-9.0.29.jar:9.0.29]&#10;&#9;at org.apache.catalina.core.ApplicationFilterChain.internalDoFilter(ApplicationFilterChain.java:225) ~[tomcat-embed-core-9.0.29.jar:9.0.29]&#10;&#9;at org.apache.catalina.core.ApplicationFilterChain.access$000(ApplicationFilterChain.java:47) ~[tomcat-embed-core-9.0.29.jar:9.0.29]&#10;&#9;at org.apache.catalina.core.ApplicationFilterChain$1.run(ApplicationFilterChain.java:149) ~[tomcat-embed-core-9.0.29.jar:9.0.29]&#10;&#9;at org.apache.catalina.core.ApplicationFilterChain$1.run(ApplicationFilterChain.java:145) ~[tomcat-embed-core-9.0.29.jar:9.0.29]&#10;&#9;at java.base/java.security.AccessController.doPrivileged(Native Method) ~[na:na]&#10;&#9;at org.apache.catalina.core.ApplicationFilterChain.doFilter(ApplicationFilterChain.java:144) ~[tomcat-embed-core-9.0.29.jar:9.0.29]&#10;&#9;at org.apache.tomcat.websocket.server.WsFilter.doFilter(WsFilter.java:53) ~[tomcat-embed-websocket-9.0.29.jar:9.0.29]&#10;&#9;at jdk.internal.reflect.GeneratedMethodAccessor35.invoke(Unknown Source) ~[na:na]&#10;&#9;at java.base/jdk.internal.reflect.DelegatingMethodAccessorImpl.invoke(DelegatingMethodAccessorImpl.java:43) ~[na:na]&#10;&#9;at java.base/java.lang.reflect.Method.invoke(Method.java:566) ~[na:na]&#10;&#9;at org.apache.catalina.security.SecurityUtil$1.run(SecurityUtil.java:282) ~[tomcat-embed-core-9.0.29.jar:9.0.29]&#10;&#9;at org.apache.catalina.security.SecurityUtil$1.run(SecurityUtil.java:279) ~[tomcat-embed-core-9.0.29.jar:9.0.29]&#10;&#9;at java.base/java.security.AccessController.doPrivileged(Native Method) ~[na:na]&#10;&#9;at java.base/javax.security.auth.Subject.doAsPrivileged(Subject.java:550) ~[na:na]&#10;&#9;at org.apache.catalina.security.SecurityUtil.execute(SecurityUtil.java:314) ~[tomcat-embed-core-9.0.29.jar:9.0.29]&#10;&#9;at org.apache.catalina.security.SecurityUtil.doAsPrivilege(SecurityUtil.java:253) ~[tomcat-embed-core-9.0.29.jar:9.0.29]&#10;&#9;at org.apache.catalina.core.ApplicationFilterChain.internalDoFilter(ApplicationFilterChain.java:191) ~[tomcat-embed-core-9.0.29.jar:9.0.29]&#10;&#9;at org.apache.catalina.core.ApplicationFilterChain.access$000(ApplicationFilterChain.java:47) ~[tomcat-embed-core-9.0.29.jar:9.0.29]&#10;&#9;at org.apache.catalina.core.ApplicationFilterChain$1.run(ApplicationFilterChain.java:149) ~[tomcat-embed-core-9.0.29.jar:9.0.29]&#10;&#9;at org.apache.catalina.core.ApplicationFilterChain$1.run(ApplicationFilterChain.java:145) ~[tomcat-embed-core-9.0.29.jar:9.0.29]&#10;&#9;at java.base/java.security.AccessController.doPrivileged(Native Method) ~[na:na]&#10;&#9;at org.apache.catalina.core.ApplicationFilterChain.doFilter(ApplicationFilterChain.java:144) ~[tomcat-embed-core-9.0.29.jar:9.0.29]&#10;&#9;at org.springframework.web.filter.RequestContextFilter.doFilterInternal(RequestContextFilter.java:100) ~[spring-web-5.2.2.RELEASE.jar:5.2.2.RELEASE]&#10;&#9;at org.springframework.web.filter.OncePerRequestFilter.doFilter(OncePerRequestFilter.java:119) ~[spring-web-5.2.2.RELEASE.jar:5.2.2.RELEASE]&#10;&#9;at jdk.internal.reflect.GeneratedMethodAccessor35.invoke(Unknown Source) ~[na:na]&#10;&#9;at java.base/jdk.internal.reflect.DelegatingMethodAccessorImpl.invoke(DelegatingMethodAccessorImpl.java:43) ~[na:na]&#10;&#9;at java.base/java.lang.reflect.Method.invoke(Method.java:566) ~[na:na]&#10;&#9;at org.apache.catalina.security.SecurityUtil$1.run(SecurityUtil.java:282) ~[tomcat-embed-core-9.0.29.jar:9.0.29]&#10;&#9;at org.apache.catalina.security.SecurityUtil$1.run(SecurityUtil.java:279) ~[tomcat-embed-core-9.0.29.jar:9.0.29]&#10;&#9;at java.base/java.security.AccessController.doPrivileged(Native Method) ~[na:na]&#10;&#9;at java.base/javax.security.auth.Subject.doAsPrivileged(Subject.java:550) ~[na:na]&#10;&#9;at org.apache.catalina.security.SecurityUtil.execute(SecurityUtil.java:314) ~[tomcat-embed-core-9.0.29.jar:9.0.29]&#10;&#9;at org.apache.catalina.security.SecurityUtil.doAsPrivilege(SecurityUtil.java:253) ~[tomcat-embed-core-9.0.29.jar:9.0.29]&#10;&#9;at org.apache.catalina.core.ApplicationFilterChain.internalDoFilter(ApplicationFilterChain.java:191) ~[tomcat-embed-core-9.0.29.jar:9.0.29]&#10;&#9;at org.apache.catalina.core.ApplicationFilterChain.access$000(ApplicationFilterChain.java:47) ~[tomcat-embed-core-9.0.29.jar:9.0.29]&#10;&#9;at org.apache.catalina.core.ApplicationFilterChain$1.run(ApplicationFilterChain.java:149) ~[tomcat-embed-core-9.0.29.jar:9.0.29]&#10;&#9;at org.apache.catalina.core.ApplicationFilterChain$1.run(ApplicationFilterChain.java:145) ~[tomcat-embed-core-9.0.29.jar:9.0.29]&#10;&#9;at java.base/java.security.AccessController.doPrivileged(Native Method) ~[na:na]&#10;&#9;at org.apache.catalina.core.ApplicationFilterChain.doFilter(ApplicationFilterChain.java:144) ~[tomcat-embed-core-9.0.29.jar:9.0.29]&#10;&#9;at org.springframework.web.filter.FormContentFilter.doFilterInternal(FormContentFilter.java:93) ~[spring-web-5.2.2.RELEASE.jar:5.2.2.RELEASE]&#10;&#9;at org.springframework.web.filter.OncePerRequestFilter.doFilter(OncePerRequestFilter.java:119) ~[spring-web-5.2.2.RELEASE.jar:5.2.2.RELEASE]&#10;&#9;at jdk.internal.reflect.GeneratedMethodAccessor35.invoke(Unknown Source) ~[na:na]&#10;&#9;at java.base/jdk.internal.reflect.DelegatingMethodAccessorImpl.invoke(DelegatingMethodAccessorImpl.java:43) ~[na:na]&#10;&#9;at java.base/java.lang.reflect.Method.invoke(Method.java:566) ~[na:na]&#10;&#9;at org.apache.catalina.security.SecurityUtil$1.run(SecurityUtil.java:282) ~[tomcat-embed-core-9.0.29.jar:9.0.29]&#10;&#9;at org.apache.catalina.security.SecurityUtil$1.run(SecurityUtil.java:279) ~[tomcat-embed-core-9.0.29.jar:9.0.29]&#10;&#9;at java.base/java.security.AccessController.doPrivileged(Native Method) ~[na:na]&#10;&#9;at java.base/javax.security.auth.Subject.doAsPrivileged(Subject.java:550) ~[na:na]&#10;&#9;at org.apache.catalina.security.SecurityUtil.execute(SecurityUtil.java:314) ~[tomcat-embed-core-9.0.29.jar:9.0.29]&#10;&#9;at org.apache.catalina.security.SecurityUtil.doAsPrivilege(SecurityUtil.java:253) ~[tomcat-embed-core-9.0.29.jar:9.0.29]&#10;&#9;at org.apache.catalina.core.ApplicationFilterChain.internalDoFilter(ApplicationFilterChain.java:191) ~[tomcat-embed-core-9.0.29.jar:9.0.29]&#10;&#9;at org.apache.catalina.core.ApplicationFilterChain.access$000(ApplicationFilterChain.java:47) ~[tomcat-embed-core-9.0.29.jar:9.0.29]&#10;&#9;at org.apache.catalina.core.ApplicationFilterChain$1.run(ApplicationFilterChain.java:149) ~[tomcat-embed-core-9.0.29.jar:9.0.29]&#10;&#9;at org.apache.catalina.core.ApplicationFilterChain$1.run(ApplicationFilterChain.java:145) ~[tomcat-embed-core-9.0.29.jar:9.0.29]&#10;&#9;at java.base/java.security.AccessController.doPrivileged(Native Method) ~[na:na]&#10;&#9;at org.apache.catalina.core.ApplicationFilterChain.doFilter(ApplicationFilterChain.java:144) ~[tomcat-embed-core-9.0.29.jar:9.0.29]&#10;&#9;at org.springframework.boot.actuate.metrics.web.servlet.WebMvcMetricsFilter.doFilterInternal(WebMvcMetricsFilter.java:108) ~[spring-boot-actuator-2.2.2.RELEASE.jar:2.2.2.RELEASE]&#10;&#9;at org.springframework.web.filter.OncePerRequestFilter.doFilter(OncePerRequestFilter.java:119) ~[spring-web-5.2.2.RELEASE.jar:5.2.2.RELEASE]&#10;&#9;at jdk.internal.reflect.GeneratedMethodAccessor35.invoke(Unknown Source) ~[na:na]&#10;&#9;at java.base/jdk.internal.reflect.DelegatingMethodAccessorImpl.invoke(DelegatingMethodAccessorImpl.java:43) ~[na:na]&#10;&#9;at java.base/java.lang.reflect.Method.invoke(Method.java:566) ~[na:na]&#10;&#9;at org.apache.catalina.security.SecurityUtil$1.run(SecurityUtil.java:282) ~[tomcat-embed-core-9.0.29.jar:9.0.29]&#10;&#9;at org.apache.catalina.security.SecurityUtil$1.run(SecurityUtil.java:279) ~[tomcat-embed-core-9.0.29.jar:9.0.29]&#10;&#9;at java.base/java.security.AccessController.doPrivileged(Native Method) ~[na:na]&#10;&#9;at java.base/javax.security.auth.Subject.doAsPrivileged(Subject.java:550) ~[na:na]&#10;&#9;at org.apache.catalina.security.SecurityUtil.execute(SecurityUtil.java:314) ~[tomcat-embed-core-9.0.29.jar:9.0.29]&#10;&#9;at org.apache.catalina.security.SecurityUtil.doAsPrivilege(SecurityUtil.java:253) ~[tomcat-embed-core-9.0.29.jar:9.0.29]&#10;&#9;at org.apache.catalina.core.ApplicationFilterChain.internalDoFilter(ApplicationFilterChain.java:191) ~[tomcat-embed-core-9.0.29.jar:9.0.29]&#10;&#9;at org.apache.catalina.core.ApplicationFilterChain.access$000(ApplicationFilterChain.java:47) ~[tomcat-embed-core-9.0.29.jar:9.0.29]&#10;&#9;at org.apache.catalina.core.ApplicationFilterChain$1.run(ApplicationFilterChain.java:149) ~[tomcat-embed-core-9.0.29.jar:9.0.29]&#10;&#9;at org.apache.catalina.core.ApplicationFilterChain$1.run(ApplicationFilterChain.java:145) ~[tomcat-embed-core-9.0.29.jar:9.0.29]&#10;&#9;at java.base/java.security.AccessController.doPrivileged(Native Method) ~[na:na]&#10;&#9;at org.apache.catalina.core.ApplicationFilterChain.doFilter(ApplicationFilterChain.java:144) ~[tomcat-embed-core-9.0.29.jar:9.0.29]&#10;&#9;at org.springframework.web.filter.CharacterEncodingFilter.doFilterInternal(CharacterEncodingFilter.java:201) ~[spring-web-5.2.2.RELEASE.jar:5.2.2.RELEASE]&#10;&#9;at org.springframework.web.filter.OncePerRequestFilter.doFilter(OncePerRequestFilter.java:119) ~[spring-web-5.2.2.RELEASE.jar:5.2.2.RELEASE]&#10;&#9;at jdk.internal.reflect.GeneratedMethodAccessor35.invoke(Unknown Source) ~[na:na]&#10;&#9;at java.base/jdk.internal.reflect.DelegatingMethodAccessorImpl.invoke(DelegatingMethodAccessorImpl.java:43) ~[na:na]&#10;&#9;at java.base/java.lang.reflect.Method.invoke(Method.java:566) ~[na:na]&#10;&#9;at org.apache.catalina.security.SecurityUtil$1.run(SecurityUtil.java:282) ~[tomcat-embed-core-9.0.29.jar:9.0.29]&#10;&#9;at org.apache.catalina.security.SecurityUtil$1.run(SecurityUtil.java:279) ~[tomcat-embed-core-9.0.29.jar:9.0.29]&#10;&#9;at java.base/java.security.AccessController.doPrivileged(Native Method) ~[na:na]&#10;&#9;at java.base/javax.security.auth.Subject.doAsPrivileged(Subject.java:550) ~[na:na]&#10;&#9;at org.apache.catalina.security.SecurityUtil.execute(SecurityUtil.java:314) ~[tomcat-embed-core-9.0.29.jar:9.0.29]&#10;&#9;at org.apache.catalina.security.SecurityUtil.doAsPrivilege(SecurityUtil.java:253) ~[tomcat-embed-core-9.0.29.jar:9.0.29]&#10;&#9;at org.apache.catalina.core.ApplicationFilterChain.internalDoFilter(ApplicationFilterChain.java:191) ~[tomcat-embed-core-9.0.29.jar:9.0.29]&#10;&#9;at org.apache.catalina.core.ApplicationFilterChain.access$000(ApplicationFilterChain.java:47) ~[tomcat-embed-core-9.0.29.jar:9.0.29]&#10;&#9;at org.apache.catalina.core.ApplicationFilterChain$1.run(ApplicationFilterChain.java:149) ~[tomcat-embed-core-9.0.29.jar:9.0.29]&#10;&#9;at org.apache.catalina.core.ApplicationFilterChain$1.run(ApplicationFilterChain.java:145) ~[tomcat-embed-core-9.0.29.jar:9.0.29]&#10;&#9;at java.base/java.security.AccessController.doPrivileged(Native Method) ~[na:na]&#10;&#9;at org.apache.catalina.core.ApplicationFilterChain.doFilter(ApplicationFilterChain.java:144) ~[tomcat-embed-core-9.0.29.jar:9.0.29]&#10;&#9;at org.apache.catalina.core.StandardWrapperValve.invoke(StandardWrapperValve.java:202) ~[tomcat-embed-core-9.0.29.jar:9.0.29]&#10;&#9;at org.apache.catalina.core.StandardContextValve.invoke(StandardContextValve.java:96) ~[tomcat-embed-core-9.0.29.jar:9.0.29]&#10;&#9;at org.apache.catalina.authenticator.AuthenticatorBase.invoke(AuthenticatorBase.java:526) ~[tomcat-embed-core-9.0.29.jar:9.0.29]&#10;&#9;at org.apache.catalina.core.StandardHostValve.invoke(StandardHostValve.java:139) ~[tomcat-embed-core-9.0.29.jar:9.0.29]&#10;&#9;at org.apache.catalina.valves.ErrorReportValve.invoke(ErrorReportValve.java:92) ~[tomcat-embed-core-9.0.29.jar:9.0.29]&#10;&#9;at org.apache.catalina.core.StandardEngineValve.invoke(StandardEngineValve.java:74) ~[tomcat-embed-core-9.0.29.jar:9.0.29]&#10;&#9;at org.apache.catalina.connector.CoyoteAdapter.service(CoyoteAdapter.java:343) ~[tomcat-embed-core-9.0.29.jar:9.0.29]&#10;&#9;at org.apache.coyote.http11.Http11Processor.service(Http11Processor.java:367) ~[tomcat-embed-core-9.0.29.jar:9.0.29]&#10;&#9;at org.apache.coyote.AbstractProcessorLight.process(AbstractProcessorLight.java:65) ~[tomcat-embed-core-9.0.29.jar:9.0.29]&#10;&#9;at org.apache.coyote.AbstractProtocol$ConnectionHandler.process(AbstractProtocol.java:860) ~[tomcat-embed-core-9.0.29.jar:9.0.29]&#10;&#9;at org.apache.tomcat.util.net.NioEndpoint$SocketProcessor.doRun(NioEndpoint.java:1591) ~[tomcat-embed-core-9.0.29.jar:9.0.29]&#10;&#9;at org.apache.tomcat.util.net.SocketProcessorBase.run(SocketProcessorBase.java:49) ~[tomcat-embed-core-9.0.29.jar:9.0.29]&#10;&#9;at java.base/java.util.concurrent.ThreadPoolExecutor.runWorker(ThreadPoolExecutor.java:1128) ~[na:na]&#10;&#9;at java.base/java.util.concurrent.ThreadPoolExecutor$Worker.run(ThreadPoolExecutor.java:628) ~[na:na]&#10;&#9;at org.apache.tomcat.util.threads.TaskThread$WrappingRunnable.run(TaskThread.java:61) ~[tomcat-embed-core-9.0.29.jar:9.0.29]&#10;&#9;at java.base/java.lang.Thread.run(Thread.java:834) ~[na:na]" type="java.lang.AssertionError">java.lang.AssertionError: Wrong answer in test #82

POST /api/quizzes/5/solve should respond with status code 200, responded: 500

Response body:

{&quot;timestamp&quot;:&quot;2021-06-12T08:01:52.019+0000&quot;,&quot;status&quot;:500,&quot;error&quot;:&quot;Internal Server Error&quot;,&quot;message&quot;:&quot;No message available&quot;,&quot;path&quot;:&quot;/api/quizzes/5/solve&quot;}

Please find below the output of your program during this failed test.

---


  .   ____          _            __ _ _
 /\\ / ___'_ __ _ _(_)_ __  __ _ \ \ \ \
( ( )\___ | '_ | '_| | '_ \/ _` | \ \ \ \
 \\/  ___)| |_)| | | | | || (_| |  ) ) ) )
  '  |____| .__|_| |_|_| |_\__, | / / / /
 =========|_|==============|___/=/_/_/_/
 :: Spring Boot ::        (v2.2.2.RELEASE)

2021-06-12 11:01:43.569  INFO 5708 --- [    Test worker] engine.WebQuizEngine                     : Starting WebQuizEngine on DESKTOP-U91GHR6 with PID 5708 (started by girsa in E:\Web Quiz Engine\Web Quiz Engine\task)
2021-06-12 11:01:43.587  INFO 5708 --- [    Test worker] engine.WebQuizEngine                     : No active profile set, falling back to default profiles: default
2021-06-12 11:01:46.638  INFO 5708 --- [    Test worker] o.s.b.w.embedded.tomcat.TomcatWebServer  : Tomcat initialized with port(s): 8889 (http)
2021-06-12 11:01:46.665  INFO 5708 --- [    Test worker] o.apache.catalina.core.StandardService   : Starting service [Tomcat]
2021-06-12 11:01:46.666  INFO 5708 --- [    Test worker] org.apache.catalina.core.StandardEngine  : Starting Servlet engine: [Apache Tomcat/9.0.29]
2021-06-12 11:01:46.872  INFO 5708 --- [    Test worker] o.a.c.c.C.[Tomcat].[localhost].[/]       : Initializing Spring embedded WebApplicationContext
2021-06-12 11:01:46.873  INFO 5708 --- [    Test worker] o.s.web.context.ContextLoader            : Root WebApplicationContext: initialization completed in 3168 ms
2021-06-12 11:01:47.962  INFO 5708 --- [    Test worker] o.s.s.concurrent.ThreadPoolTaskExecutor  : Initializing ExecutorService 'applicationTaskExecutor'
2021-06-12 11:01:48.644  INFO 5708 --- [    Test worker] o.s.b.a.e.web.EndpointLinksResolver      : Exposing 14 endpoint(s) beneath base path '/actuator'
2021-06-12 11:01:48.864  INFO 5708 --- [    Test worker] o.s.b.w.embedded.tomcat.TomcatWebServer  : Tomcat started on port(s): 8889 (http) with context path ''
2021-06-12 11:01:48.886  INFO 5708 --- [    Test worker] engine.WebQuizEngine                     : Started WebQuizEngine in 6.23 seconds (JVM running for 8.081)
2021-06-12 11:01:49.774  INFO 5708 --- [nio-8889-exec-1] o.a.c.c.C.[Tomcat].[localhost].[/]       : Initializing Spring DispatcherServlet 'dispatcherServlet'
2021-06-12 11:01:49.776  INFO 5708 --- [nio-8889-exec-1] o.s.web.servlet.DispatcherServlet        : Initializing Servlet 'dispatcherServlet'
2021-06-12 11:01:49.794  INFO 5708 --- [nio-8889-exec-1] o.s.web.servlet.DispatcherServlet        : Completed initialization in 17 ms
Right answers: [2 ]
User answers: [0 ]
false|Wrong answer! Please, try again.
Right answers: [2 ]
User answers: [1 ]
false|Wrong answer! Please, try again.
Right answers: [2 ]
User answers: [2 ]
true|Congratulations, you're right!
Right answers: [2 ]
User answers: [3 ]
false|Wrong answer! Please, try again.
Right answers: [1 ]
User answers: [0 ]
false|Wrong answer! Please, try again.
Right answers: [1 ]
User answers: [1 ]
true|Congratulations, you're right!
Right answers: [1 ]
User answers: [2 ]
false|Wrong answer! Please, try again.
Right answers: [1 ]
User answers: [3 ]
false|Wrong answer! Please, try again.
2021-06-12 11:01:51.002  WARN 5708 --- [nio-8889-exec-8] .w.s.m.s.DefaultHandlerExceptionResolver : Resolved [org.springframework.http.converter.HttpMessageNotReadableException: JSON parse error: Unexpected character ('&quot;' (code 34)): was expecting comma to separate Object entries; nested exception is com.fasterxml.jackson.core.JsonParseException: Unexpected character ('&quot;' (code 34)): was expecting comma to separate Object entries
 at [Source: (PushbackInputStream); line: 4, column: 4]]
2021-06-12 11:01:51.017  WARN 5708 --- [nio-8889-exec-9] .w.s.m.s.DefaultHandlerExceptionResolver : Resolved [org.springframework.http.converter.HttpMessageNotReadableException: JSON parse error: Unexpected character ('&quot;' (code 34)): was expecting comma to separate Object entries; nested exception is com.fasterxml.jackson.core.JsonParseException: Unexpected character ('&quot;' (code 34)): was expecting comma to separate Object entries
 at [Source: (PushbackInputStream); line: 5, column: 4]]
2021-06-12 11:01:51.029  WARN 5708 --- [nio-8889-exec-2] .w.s.m.s.DefaultHandlerExceptionResolver : Resolved [org.springframework.http.converter.HttpMessageNotReadableException: JSON parse error: Unexpected character ('&quot;' (code 34)): was expecting comma to separate Object entries; nested exception is com.fasterxml.jackson.core.JsonParseException: Unexpected character ('&quot;' (code 34)): was expecting comma to separate Object entries
 at [Source: (PushbackInputStream); line: 4, column: 4]]
2021-06-12 11:01:51.043  WARN 5708 --- [nio-8889-exec-1] .w.s.m.s.DefaultHandlerExceptionResolver : Resolved [org.springframework.http.converter.HttpMessageNotReadableException: JSON parse error: Unexpected character ('&quot;' (code 34)): was expecting comma to separate Object entries; nested exception is com.fasterxml.jackson.core.JsonParseException: Unexpected character ('&quot;' (code 34)): was expecting comma to separate Object entries
 at [Source: (PushbackInputStream); line: 5, column: 4]]
2021-06-12 11:01:51.114  WARN 5708 --- [nio-8889-exec-3] .w.s.m.s.DefaultHandlerExceptionResolver : Resolved [org.springframework.web.bind.MethodArgumentNotValidException: Validation failed for argument [0] in public engine.entity.Quiz engine.controllers.QuizController.createQuiz(engine.entity.Quiz): [Field error in object 'quiz' on field 'options': rejected value [null]; codes [NotNull.quiz.options,NotNull.options,NotNull.[Ljava.lang.String;,NotNull]; arguments [org.springframework.context.support.DefaultMessageSourceResolvable: codes [quiz.options,options]; arguments []; default message [options]]; default message [must not be null]] ]
2021-06-12 11:01:51.157  WARN 5708 --- [io-8889-exec-10] .w.s.m.s.DefaultHandlerExceptionResolver : Resolved [org.springframework.http.converter.HttpMessageNotReadableException: JSON parse error: Unexpected character ('&quot;' (code 34)): was expecting comma to separate Object entries; nested exception is com.fasterxml.jackson.core.JsonParseException: Unexpected character ('&quot;' (code 34)): was expecting comma to separate Object entries
 at [Source: (PushbackInputStream); line: 5, column: 4]]
2021-06-12 11:01:51.170  WARN 5708 --- [nio-8889-exec-7] .w.s.m.s.DefaultHandlerExceptionResolver : Resolved [org.springframework.http.converter.HttpMessageNotReadableException: JSON parse error: Unexpected character ('&quot;' (code 34)): was expecting comma to separate Object entries; nested exception is com.fasterxml.jackson.core.JsonParseException: Unexpected character ('&quot;' (code 34)): was expecting comma to separate Object entries
 at [Source: (PushbackInputStream); line: 5, column: 4]]
Right answers: [0 1 ]
User answers: []
false|Wrong answer! Please, try again.
Right answers: [0 1 ]
User answers: [0 ]
false|Wrong answer! Please, try again.
Right answers: [0 1 ]
User answers: [1 ]
false|Wrong answer! Please, try again.
Right answers: [0 1 ]
User answers: [2 ]
false|Wrong answer! Please, try again.
Right answers: [0 1 ]
User answers: [3 ]
false|Wrong answer! Please, try again.
Right answers: [0 1 ]
User answers: [0 1 ]
true|Congratulations, you're right!
Right answers: [0 1 ]
User answers: [0 2 ]
false|Wrong answer! Please, try again.
Right answers: [0 1 ]
User answers: [0 3 ]
false|Wrong answer! Please, try again.
Right answers: [0 1 ]
User answers: [1 2 ]
false|Wrong answer! Please, try again.
Right answers: [0 1 ]
User answers: [1 3 ]
false|Wrong answer! Please, try again.
Right answers: [0 1 ]
User answers: [2 3 ]
false|Wrong answer! Please, try again.
Right answers: [0 1 ]
User answers: [0 1 2 ]
false|Wrong answer! Please, try again.
Right answers: [0 1 ]
User answers: [0 1 3 ]
false|Wrong answer! Please, try again.
Right answers: [0 1 ]
User answers: [1 2 3 ]
false|Wrong answer! Please, try again.
Right answers: [0 1 ]
User answers: [0 1 2 3 ]
false|Wrong answer! Please, try again.
Right answers: [1 3 ]
User answers: []
false|Wrong answer! Please, try again.
Right answers: [1 3 ]
User answers: [0 ]
false|Wrong answer! Please, try again.
Right answers: [1 3 ]
User answers: [1 ]
false|Wrong answer! Please, try again.
Right answers: [1 3 ]
User answers: [2 ]
false|Wrong answer! Please, try again.
Right answers: [1 3 ]
User answers: [3 ]
false|Wrong answer! Please, try again.
Right answers: [1 3 ]
User answers: [0 1 ]
false|Wrong answer! Please, try again.
Right answers: [1 3 ]
User answers: [0 2 ]
false|Wrong answer! Please, try again.
Right answers: [1 3 ]
User answers: [0 3 ]
false|Wrong answer! Please, try again.
Right answers: [1 3 ]
User answers: [1 2 ]
false|Wrong answer! Please, try again.
Right answers: [1 3 ]
User answers: [1 3 ]
true|Congratulations, you're right!
Right answers: [1 3 ]
User answers: [2 3 ]
false|Wrong answer! Please, try again.
Right answers: [1 3 ]
User answers: [0 1 2 ]
false|Wrong answer! Please, try again.
Right answers: [1 3 ]
User answers: [0 1 3 ]
false|Wrong answer! Please, try again.
Right answers: [1 3 ]
User answers: [1 2 3 ]
false|Wrong answer! Please, try again.
Right answers: [1 3 ]
User answers: [0 1 2 3 ]
false|Wrong answer! Please, try again.
Right answers: []
User answers: []
true|Congratulations, you're right!
Right answers: []
User answers: [0 ]
false|Wrong answer! Please, try again.
Right answers: []
User answers: [1 ]
false|Wrong answer! Please, try again.
Right answers: []
User answers: [2 ]
false|Wrong answer! Please, try again.
Right answers: []
User answers: [3 ]
false|Wrong answer! Please, try again.
Right answers: []
User answers: [0 1 ]
false|Wrong answer! Please, try again.
Right answers: []
User answers: [0 2 ]
false|Wrong answer! Please, try again.
Right answers: []
User answers: [0 3 ]
false|Wrong answer! Please, try again.
Right answers: []
User answers: [1 2 ]
false|Wrong answer! Please, try again.
Right answers: []
User answers: [1 3 ]
false|Wrong answer! Please, try again.
Right answers: []
User answers: [2 3 ]
false|Wrong answer! Please, try again.
Right answers: []
User answers: [0 1 2 ]
false|Wrong answer! Please, try again.
Right answers: []
User answers: [0 1 3 ]
false|Wrong answer! Please, try again.
Right answers: []
User answers: [1 2 3 ]
false|Wrong answer! Please, try again.
Right answers: []
User answers: [0 1 2 3 ]
false|Wrong answer! Please, try again.
Right answers: [2021-06-12 11:01:52.002 ERROR 5708 --- [nio-8889-exec-2] o.a.c.c.C.[.[.[/].[dispatcherServlet]    : Servlet.service() for servlet [dispatcherServlet] in context with path [] threw exception [Request processing failed; nested exception is java.lang.NullPointerException] with root cause

java.lang.NullPointerException: null
	at engine.service.Service.printArray(Service.java:65) ~[main/:na]
	at engine.service.Service.solveQuiz(Service.java:40) ~[main/:na]
	at engine.controllers.QuizController.solveQuiz(QuizController.java:49) ~[main/:na]
	at engine.controllers.QuizController$$FastClassBySpringCGLIB$$d9b92594.invoke(&lt;generated&gt;) ~[main/:na]
	at org.springframework.cglib.proxy.MethodProxy.invoke(MethodProxy.java:218) ~[spring-core-5.2.2.RELEASE.jar:5.2.2.RELEASE]
	at org.springframework.aop.framework.CglibAopProxy$CglibMethodInvocation.invokeJoinpoint(CglibAopProxy.java:769) ~[spring-aop-5.2.2.RELEASE.jar:5.2.2.RELEASE]
	at org.springframework.aop.framework.ReflectiveMethodInvocation.proceed(ReflectiveMethodInvocation.java:163) ~[spring-aop-5.2.2.RELEASE.jar:5.2.2.RELEASE]
	at org.springframework.aop.framework.CglibAopProxy$CglibMethodInvocation.proceed(CglibAopProxy.java:747) ~[spring-aop-5.2.2.RELEASE.jar:5.2.2.RELEASE]
	at org.springframework.validation.beanvalidation.MethodValidationInterceptor.invoke(MethodValidationInterceptor.java:120) ~[spring-context-5.2.2.RELEASE.jar:5.2.2.RELEASE]
	at org.springframework.aop.framework.ReflectiveMethodInvocation.proceed(ReflectiveMethodInvocation.java:186) ~[spring-aop-5.2.2.RELEASE.jar:5.2.2.RELEASE]
	at org.springframework.aop.framework.CglibAopProxy$CglibMethodInvocation.proceed(CglibAopProxy.java:747) ~[spring-aop-5.2.2.RELEASE.jar:5.2.2.RELEASE]
	at org.springframework.aop.framework.CglibAopProxy$DynamicAdvisedInterceptor.intercept(CglibAopProxy.java:689) ~[spring-aop-5.2.2.RELEASE.jar:5.2.2.RELEASE]
	at engine.controllers.QuizController$$EnhancerBySpringCGLIB$$a51a948f.solveQuiz(&lt;generated&gt;) ~[main/:na]
	at jdk.internal.reflect.GeneratedMethodAccessor40.invoke(Unknown Source) ~[na:na]
	at java.base/jdk.internal.reflect.DelegatingMethodAccessorImpl.invoke(DelegatingMethodAccessorImpl.java:43) ~[na:na]
	at java.base/java.lang.reflect.Method.invoke(Method.java:566) ~[na:na]
	at org.springframework.web.method.support.InvocableHandlerMethod.doInvoke(InvocableHandlerMethod.java:190) ~[spring-web-5.2.2.RELEASE.jar:5.2.2.RELEASE]
	at org.springframework.web.method.support.InvocableHandlerMethod.invokeForRequest(InvocableHandlerMethod.java:138) ~[spring-web-5.2.2.RELEASE.jar:5.2.2.RELEASE]
	at org.springframework.web.servlet.mvc.method.annotation.ServletInvocableHandlerMethod.invokeAndHandle(ServletInvocableHandlerMethod.java:106) ~[spring-webmvc-5.2.2.RELEASE.jar:5.2.2.RELEASE]
	at org.springframework.web.servlet.mvc.method.annotation.RequestMappingHandlerAdapter.invokeHandlerMethod(RequestMappingHandlerAdapter.java:888) ~[spring-webmvc-5.2.2.RELEASE.jar:5.2.2.RELEASE]
	at org.springframework.web.servlet.mvc.method.annotation.RequestMappingHandlerAdapter.handleInternal(RequestMappingHandlerAdapter.java:793) ~[spring-webmvc-5.2.2.RELEASE.jar:5.2.2.RELEASE]
	at org.springframework.web.servlet.mvc.method.AbstractHandlerMethodAdapter.handle(AbstractHandlerMethodAdapter.java:87) ~[spring-webmvc-5.2.2.RELEASE.jar:5.2.2.RELEASE]
	at org.springframework.web.servlet.DispatcherServlet.doDispatch(DispatcherServlet.java:1040) ~[spring-webmvc-5.2.2.RELEASE.jar:5.2.2.RELEASE]
	at org.springframework.web.servlet.DispatcherServlet.doService(DispatcherServlet.java:943) ~[spring-webmvc-5.2.2.RELEASE.jar:5.2.2.RELEASE]
	at org.springframework.web.servlet.FrameworkServlet.processRequest(FrameworkServlet.java:1006) ~[spring-webmvc-5.2.2.RELEASE.jar:5.2.2.RELEASE]
	at org.springframework.web.servlet.FrameworkServlet.doPost(FrameworkServlet.java:909) ~[spring-webmvc-5.2.2.RELEASE.jar:5.2.2.RELEASE]
	at javax.servlet.http.HttpServlet.service(HttpServlet.java:660) ~[tomcat-embed-core-9.0.29.jar:9.0.29]
	at org.springframework.web.servlet.FrameworkServlet.service(FrameworkServlet.java:883) ~[spring-webmvc-5.2.2.RELEASE.jar:5.2.2.RELEASE]
	at javax.servlet.http.HttpServlet.service(HttpServlet.java:741) ~[tomcat-embed-core-9.0.29.jar:9.0.29]
	at jdk.internal.reflect.GeneratedMethodAccessor36.invoke(Unknown Source) ~[na:na]
	at java.base/jdk.internal.reflect.DelegatingMethodAccessorImpl.invoke(DelegatingMethodAccessorImpl.java:43) ~[na:na]
	at java.base/java.lang.reflect.Method.invoke(Method.java:566) ~[na:na]
	at org.apache.catalina.security.SecurityUtil$1.run(SecurityUtil.java:282) ~[tomcat-embed-core-9.0.29.jar:9.0.29]
	at org.apache.catalina.security.SecurityUtil$1.run(SecurityUtil.java:279) ~[tomcat-embed-core-9.0.29.jar:9.0.29]
	at java.base/java.security.AccessController.doPrivileged(Native Method) ~[na:na]
	at java.base/javax.security.auth.Subject.doAsPrivileged(Subject.java:550) ~[na:na]
	at org.apache.catalina.security.SecurityUtil.execute(SecurityUtil.java:314) ~[tomcat-embed-core-9.0.29.jar:9.0.29]
	at org.apache.catalina.security.SecurityUtil.doAsPrivilege(SecurityUtil.java:170) ~[tomcat-embed-core-9.0.29.jar:9.0.29]
	at org.apache.catalina.core.ApplicationFilterChain.internalDoFilter(ApplicationFilterChain.java:225) ~[tomcat-embed-core-9.0.29.jar:9.0.29]
	at org.apache.catalina.core.ApplicationFilterChain.access$000(ApplicationFilterChain.java:47) ~[tomcat-embed-core-9.0.29.jar:9.0.29]
	at org.apache.catalina.core.ApplicationFilterChain$1.run(ApplicationFilterChain.java:149) ~[tomcat-embed-core-9.0.29.jar:9.0.29]
	at org.apache.catalina.core.ApplicationFilterChain$1.run(ApplicationFilterChain.java:145) ~[tomcat-embed-core-9.0.29.jar:9.0.29]
	at java.base/java.security.AccessController.doPrivileged(Native Method) ~[na:na]
	at org.apache.catalina.core.ApplicationFilterChain.doFilter(ApplicationFilterChain.java:144) ~[tomcat-embed-core-9.0.29.jar:9.0.29]
	at org.apache.tomcat.websocket.server.WsFilter.doFilter(WsFilter.java:53) ~[tomcat-embed-websocket-9.0.29.jar:9.0.29]
	at jdk.internal.reflect.GeneratedMethodAccessor35.invoke(Unknown Source) ~[na:na]
	at java.base/jdk.internal.reflect.DelegatingMethodAccessorImpl.invoke(DelegatingMethodAccessorImpl.java:43) ~[na:na]
	at java.base/java.lang.reflect.Method.invoke(Method.java:566) ~[na:na]
	at org.apache.catalina.security.SecurityUtil$1.run(SecurityUtil.java:282) ~[tomcat-embed-core-9.0.29.jar:9.0.29]
	at org.apache.catalina.security.SecurityUtil$1.run(SecurityUtil.java:279) ~[tomcat-embed-core-9.0.29.jar:9.0.29]
	at java.base/java.security.AccessController.doPrivileged(Native Method) ~[na:na]
	at java.base/javax.security.auth.Subject.doAsPrivileged(Subject.java:550) ~[na:na]
	at org.apache.catalina.security.SecurityUtil.execute(SecurityUtil.java:314) ~[tomcat-embed-core-9.0.29.jar:9.0.29]
	at org.apache.catalina.security.SecurityUtil.doAsPrivilege(SecurityUtil.java:253) ~[tomcat-embed-core-9.0.29.jar:9.0.29]
	at org.apache.catalina.core.ApplicationFilterChain.internalDoFilter(ApplicationFilterChain.java:191) ~[tomcat-embed-core-9.0.29.jar:9.0.29]
	at org.apache.catalina.core.ApplicationFilterChain.access$000(ApplicationFilterChain.java:47) ~[tomcat-embed-core-9.0.29.jar:9.0.29]
	at org.apache.catalina.core.ApplicationFilterChain$1.run(ApplicationFilterChain.java:149) ~[tomcat-embed-core-9.0.29.jar:9.0.29]
	at org.apache.catalina.core.ApplicationFilterChain$1.run(ApplicationFilterChain.java:145) ~[tomcat-embed-core-9.0.29.jar:9.0.29]
	at java.base/java.security.AccessController.doPrivileged(Native Method) ~[na:na]
	at org.apache.catalina.core.ApplicationFilterChain.doFilter(ApplicationFilterChain.java:144) ~[tomcat-embed-core-9.0.29.jar:9.0.29]
	at org.springframework.web.filter.RequestContextFilter.doFilterInternal(RequestContextFilter.java:100) ~[spring-web-5.2.2.RELEASE.jar:5.2.2.RELEASE]
	at org.springframework.web.filter.OncePerRequestFilter.doFilter(OncePerRequestFilter.java:119) ~[spring-web-5.2.2.RELEASE.jar:5.2.2.RELEASE]
	at jdk.internal.reflect.GeneratedMethodAccessor35.invoke(Unknown Source) ~[na:na]
	at java.base/jdk.internal.reflect.DelegatingMethodAccessorImpl.invoke(DelegatingMethodAccessorImpl.java:43) ~[na:na]
	at java.base/java.lang.reflect.Method.invoke(Method.java:566) ~[na:na]
	at org.apache.catalina.security.SecurityUtil$1.run(SecurityUtil.java:282) ~[tomcat-embed-core-9.0.29.jar:9.0.29]
	at org.apache.catalina.security.SecurityUtil$1.run(SecurityUtil.java:279) ~[tomcat-embed-core-9.0.29.jar:9.0.29]
	at java.base/java.security.AccessController.doPrivileged(Native Method) ~[na:na]
	at java.base/javax.security.auth.Subject.doAsPrivileged(Subject.java:550) ~[na:na]
	at org.apache.catalina.security.SecurityUtil.execute(SecurityUtil.java:314) ~[tomcat-embed-core-9.0.29.jar:9.0.29]
	at org.apache.catalina.security.SecurityUtil.doAsPrivilege(SecurityUtil.java:253) ~[tomcat-embed-core-9.0.29.jar:9.0.29]
	at org.apache.catalina.core.ApplicationFilterChain.internalDoFilter(ApplicationFilterChain.java:191) ~[tomcat-embed-core-9.0.29.jar:9.0.29]
	at org.apache.catalina.core.ApplicationFilterChain.access$000(ApplicationFilterChain.java:47) ~[tomcat-embed-core-9.0.29.jar:9.0.29]
	at org.apache.catalina.core.ApplicationFilterChain$1.run(ApplicationFilterChain.java:149) ~[tomcat-embed-core-9.0.29.jar:9.0.29]
	at org.apache.catalina.core.ApplicationFilterChain$1.run(ApplicationFilterChain.java:145) ~[tomcat-embed-core-9.0.29.jar:9.0.29]
	at java.base/java.security.AccessController.doPrivileged(Native Method) ~[na:na]
	at org.apache.catalina.core.ApplicationFilterChain.doFilter(ApplicationFilterChain.java:144) ~[tomcat-embed-core-9.0.29.jar:9.0.29]
	at org.springframework.web.filter.FormContentFilter.doFilterInternal(FormContentFilter.java:93) ~[spring-web-5.2.2.RELEASE.jar:5.2.2.RELEASE]
	at org.springframework.web.filter.OncePerRequestFilter.doFilter(OncePerRequestFilter.java:119) ~[spring-web-5.2.2.RELEASE.jar:5.2.2.RELEASE]
	at jdk.internal.reflect.GeneratedMethodAccessor35.invoke(Unknown Source) ~[na:na]
	at java.base/jdk.internal.reflect.DelegatingMethodAccessorImpl.invoke(DelegatingMethodAccessorImpl.java:43) ~[na:na]
	at java.base/java.lang.reflect.Method.invoke(Method.java:566) ~[na:na]
	at org.apache.catalina.security.SecurityUtil$1.run(SecurityUtil.java:282) ~[tomcat-embed-core-9.0.29.jar:9.0.29]
	at org.apache.catalina.security.SecurityUtil$1.run(SecurityUtil.java:279) ~[tomcat-embed-core-9.0.29.jar:9.0.29]
	at java.base/java.security.AccessController.doPrivileged(Native Method) ~[na:na]
	at java.base/javax.security.auth.Subject.doAsPrivileged(Subject.java:550) ~[na:na]
	at org.apache.catalina.security.SecurityUtil.execute(SecurityUtil.java:314) ~[tomcat-embed-core-9.0.29.jar:9.0.29]
	at org.apache.catalina.security.SecurityUtil.doAsPrivilege(SecurityUtil.java:253) ~[tomcat-embed-core-9.0.29.jar:9.0.29]
	at org.apache.catalina.core.ApplicationFilterChain.internalDoFilter(ApplicationFilterChain.java:191) ~[tomcat-embed-core-9.0.29.jar:9.0.29]
	at org.apache.catalina.core.ApplicationFilterChain.access$000(ApplicationFilterChain.java:47) ~[tomcat-embed-core-9.0.29.jar:9.0.29]
	at org.apache.catalina.core.ApplicationFilterChain$1.run(ApplicationFilterChain.java:149) ~[tomcat-embed-core-9.0.29.jar:9.0.29]
	at org.apache.catalina.core.ApplicationFilterChain$1.run(ApplicationFilterChain.java:145) ~[tomcat-embed-core-9.0.29.jar:9.0.29]
	at java.base/java.security.AccessController.doPrivileged(Native Method) ~[na:na]
	at org.apache.catalina.core.ApplicationFilterChain.doFilter(ApplicationFilterChain.java:144) ~[tomcat-embed-core-9.0.29.jar:9.0.29]
	at org.springframework.boot.actuate.metrics.web.servlet.WebMvcMetricsFilter.doFilterInternal(WebMvcMetricsFilter.java:108) ~[spring-boot-actuator-2.2.2.RELEASE.jar:2.2.2.RELEASE]
	at org.springframework.web.filter.OncePerRequestFilter.doFilter(OncePerRequestFilter.java:119) ~[spring-web-5.2.2.RELEASE.jar:5.2.2.RELEASE]
	at jdk.internal.reflect.GeneratedMethodAccessor35.invoke(Unknown Source) ~[na:na]
	at java.base/jdk.internal.reflect.DelegatingMethodAccessorImpl.invoke(DelegatingMethodAccessorImpl.java:43) ~[na:na]
	at java.base/java.lang.reflect.Method.invoke(Method.java:566) ~[na:na]
	at org.apache.catalina.security.SecurityUtil$1.run(SecurityUtil.java:282) ~[tomcat-embed-core-9.0.29.jar:9.0.29]
	at org.apache.catalina.security.SecurityUtil$1.run(SecurityUtil.java:279) ~[tomcat-embed-core-9.0.29.jar:9.0.29]
	at java.base/java.security.AccessController.doPrivileged(Native Method) ~[na:na]
	at java.base/javax.security.auth.Subject.doAsPrivileged(Subject.java:550) ~[na:na]
	at org.apache.catalina.security.SecurityUtil.execute(SecurityUtil.java:314) ~[tomcat-embed-core-9.0.29.jar:9.0.29]
	at org.apache.catalina.security.SecurityUtil.doAsPrivilege(SecurityUtil.java:253) ~[tomcat-embed-core-9.0.29.jar:9.0.29]
	at org.apache.catalina.core.ApplicationFilterChain.internalDoFilter(ApplicationFilterChain.java:191) ~[tomcat-embed-core-9.0.29.jar:9.0.29]
	at org.apache.catalina.core.ApplicationFilterChain.access$000(ApplicationFilterChain.java:47) ~[tomcat-embed-core-9.0.29.jar:9.0.29]
	at org.apache.catalina.core.ApplicationFilterChain$1.run(ApplicationFilterChain.java:149) ~[tomcat-embed-core-9.0.29.jar:9.0.29]
	at org.apache.catalina.core.ApplicationFilterChain$1.run(ApplicationFilterChain.java:145) ~[tomcat-embed-core-9.0.29.jar:9.0.29]
	at java.base/java.security.AccessController.doPrivileged(Native Method) ~[na:na]
	at org.apache.catalina.core.ApplicationFilterChain.doFilter(ApplicationFilterChain.java:144) ~[tomcat-embed-core-9.0.29.jar:9.0.29]
	at org.springframework.web.filter.CharacterEncodingFilter.doFilterInternal(CharacterEncodingFilter.java:201) ~[spring-web-5.2.2.RELEASE.jar:5.2.2.RELEASE]
	at org.springframework.web.filter.OncePerRequestFilter.doFilter(OncePerRequestFilter.java:119) ~[spring-web-5.2.2.RELEASE.jar:5.2.2.RELEASE]
	at jdk.internal.reflect.GeneratedMethodAccessor35.invoke(Unknown Source) ~[na:na]
	at java.base/jdk.internal.reflect.DelegatingMethodAccessorImpl.invoke(DelegatingMethodAccessorImpl.java:43) ~[na:na]
	at java.base/java.lang.reflect.Method.invoke(Method.java:566) ~[na:na]
	at org.apache.catalina.security.SecurityUtil$1.run(SecurityUtil.java:282) ~[tomcat-embed-core-9.0.29.jar:9.0.29]
	at org.apache.catalina.security.SecurityUtil$1.run(SecurityUtil.java:279) ~[tomcat-embed-core-9.0.29.jar:9.0.29]
	at java.base/java.security.AccessController.doPrivileged(Native Method) ~[na:na]
	at java.base/javax.security.auth.Subject.doAsPrivileged(Subject.java:550) ~[na:na]
	at org.apache.catalina.security.SecurityUtil.execute(SecurityUtil.java:314) ~[tomcat-embed-core-9.0.29.jar:9.0.29]
	at org.apache.catalina.security.SecurityUtil.doAsPrivilege(SecurityUtil.java:253) ~[tomcat-embed-core-9.0.29.jar:9.0.29]
	at org.apache.catalina.core.ApplicationFilterChain.internalDoFilter(ApplicationFilterChain.java:191) ~[tomcat-embed-core-9.0.29.jar:9.0.29]
	at org.apache.catalina.core.ApplicationFilterChain.access$000(ApplicationFilterChain.java:47) ~[tomcat-embed-core-9.0.29.jar:9.0.29]
	at org.apache.catalina.core.ApplicationFilterChain$1.run(ApplicationFilterChain.java:149) ~[tomcat-embed-core-9.0.29.jar:9.0.29]
	at org.apache.catalina.core.ApplicationFilterChain$1.run(ApplicationFilterChain.java:145) ~[tomcat-embed-core-9.0.29.jar:9.0.29]
	at java.base/java.security.AccessController.doPrivileged(Native Method) ~[na:na]
	at org.apache.catalina.core.ApplicationFilterChain.doFilter(ApplicationFilterChain.java:144) ~[tomcat-embed-core-9.0.29.jar:9.0.29]
	at org.apache.catalina.core.StandardWrapperValve.invoke(StandardWrapperValve.java:202) ~[tomcat-embed-core-9.0.29.jar:9.0.29]
	at org.apache.catalina.core.StandardContextValve.invoke(StandardContextValve.java:96) ~[tomcat-embed-core-9.0.29.jar:9.0.29]
	at org.apache.catalina.authenticator.AuthenticatorBase.invoke(AuthenticatorBase.java:526) ~[tomcat-embed-core-9.0.29.jar:9.0.29]
	at org.apache.catalina.core.StandardHostValve.invoke(StandardHostValve.java:139) ~[tomcat-embed-core-9.0.29.jar:9.0.29]
	at org.apache.catalina.valves.ErrorReportValve.invoke(ErrorReportValve.java:92) ~[tomcat-embed-core-9.0.29.jar:9.0.29]
	at org.apache.catalina.core.StandardEngineValve.invoke(StandardEngineValve.java:74) ~[tomcat-embed-core-9.0.29.jar:9.0.29]
	at org.apache.catalina.connector.CoyoteAdapter.service(CoyoteAdapter.java:343) ~[tomcat-embed-core-9.0.29.jar:9.0.29]
	at org.apache.coyote.http11.Http11Processor.service(Http11Processor.java:367) ~[tomcat-embed-core-9.0.29.jar:9.0.29]
	at org.apache.coyote.AbstractProcessorLight.process(AbstractProcessorLight.java:65) ~[tomcat-embed-core-9.0.29.jar:9.0.29]
	at org.apache.coyote.AbstractProtocol$ConnectionHandler.process(AbstractProtocol.java:860) ~[tomcat-embed-core-9.0.29.jar:9.0.29]
	at org.apache.tomcat.util.net.NioEndpoint$SocketProcessor.doRun(NioEndpoint.java:1591) ~[tomcat-embed-core-9.0.29.jar:9.0.29]
	at org.apache.tomcat.util.net.SocketProcessorBase.run(SocketProcessorBase.java:49) ~[tomcat-embed-core-9.0.29.jar:9.0.29]
	at java.base/java.util.concurrent.ThreadPoolExecutor.runWorker(ThreadPoolExecutor.java:1128) ~[na:na]
	at java.base/java.util.concurrent.ThreadPoolExecutor$Worker.run(ThreadPoolExecutor.java:628) ~[na:na]
	at org.apache.tomcat.util.threads.TaskThread$WrappingRunnable.run(TaskThread.java:61) ~[tomcat-embed-core-9.0.29.jar:9.0.29]
	at java.base/java.lang.Thread.run(Thread.java:834) ~[na:na]
	at org.junit.Assert.fail(Assert.java:88)
	at org.hyperskill.hstest.stage.StageTest.start(StageTest.java:141)
	at java.base/jdk.internal.reflect.NativeMethodAccessorImpl.invoke0(Native Method)
	at java.base/jdk.internal.reflect.NativeMethodAccessorImpl.invoke(NativeMethodAccessorImpl.java:62)
	at java.base/jdk.internal.reflect.DelegatingMethodAccessorImpl.invoke(DelegatingMethodAccessorImpl.java:43)
	at java.base/java.lang.reflect.Method.invoke(Method.java:566)
	at org.junit.runners.model.FrameworkMethod$1.runReflectiveCall(FrameworkMethod.java:50)
	at org.junit.internal.runners.model.ReflectiveCallable.run(ReflectiveCallable.java:12)
	at org.junit.runners.model.FrameworkMethod.invokeExplosively(FrameworkMethod.java:47)
	at org.junit.internal.runners.statements.InvokeMethod.evaluate(InvokeMethod.java:17)
	at org.junit.internal.runners.statements.RunAfters.evaluate(RunAfters.java:27)
	at org.junit.runners.ParentRunner.runLeaf(ParentRunner.java:325)
	at org.junit.runners.BlockJUnit4ClassRunner.runChild(BlockJUnit4ClassRunner.java:78)
	at org.junit.runners.BlockJUnit4ClassRunner.runChild(BlockJUnit4ClassRunner.java:57)
	at org.junit.runners.ParentRunner$3.run(ParentRunner.java:290)
	at org.junit.runners.ParentRunner$1.schedule(ParentRunner.java:71)
	at org.junit.runners.ParentRunner.runChildren(ParentRunner.java:288)
	at org.junit.runners.ParentRunner.access$000(ParentRunner.java:58)
	at org.junit.runners.ParentRunner$2.evaluate(ParentRunner.java:268)
	at org.junit.runners.ParentRunner.run(ParentRunner.java:363)
	at org.gradle.api.internal.tasks.testing.junit.JUnitTestClassExecutor.runTestClass(JUnitTestClassExecutor.java:110)
	at org.gradle.api.internal.tasks.testing.junit.JUnitTestClassExecutor.execute(JUnitTestClassExecutor.java:58)
	at org.gradle.api.internal.tasks.testing.junit.JUnitTestClassExecutor.execute(JUnitTestClassExecutor.java:38)
	at org.gradle.api.internal.tasks.testing.junit.AbstractJUnitTestClassProcessor.processTestClass(AbstractJUnitTestClassProcessor.java:62)
	at org.gradle.api.internal.tasks.testing.SuiteTestClassProcessor.processTestClass(SuiteTestClassProcessor.java:51)
	at java.base/jdk.internal.reflect.NativeMethodAccessorImpl.invoke0(Native Method)
	at java.base/jdk.internal.reflect.NativeMethodAccessorImpl.invoke(NativeMethodAccessorImpl.java:62)
	at java.base/jdk.internal.reflect.DelegatingMethodAccessorImpl.invoke(DelegatingMethodAccessorImpl.java:43)
	at java.base/java.lang.reflect.Method.invoke(Method.java:566)
	at org.gradle.internal.dispatch.ReflectionDispatch.dispatch(ReflectionDispatch.java:36)
	at org.gradle.internal.dispatch.ReflectionDispatch.dispatch(ReflectionDispatch.java:24)
	at org.gradle.internal.dispatch.ContextClassLoaderDispatch.dispatch(ContextClassLoaderDispatch.java:33)
	at org.gradle.internal.dispatch.ProxyDispatchAdapter$DispatchingInvocationHandler.invoke(ProxyDispatchAdapter.java:94)
	at com.sun.proxy.$Proxy2.processTestClass(Unknown Source)
	at org.gradle.api.internal.tasks.testing.worker.TestWorker.processTestClass(TestWorker.java:119)
	at java.base/jdk.internal.reflect.NativeMethodAccessorImpl.invoke0(Native Method)
	at java.base/jdk.internal.reflect.NativeMethodAccessorImpl.invoke(NativeMethodAccessorImpl.java:62)
	at java.base/jdk.internal.reflect.DelegatingMethodAccessorImpl.invoke(DelegatingMethodAccessorImpl.java:43)
	at java.base/java.lang.reflect.Method.invoke(Method.java:566)
	at org.gradle.internal.dispatch.ReflectionDispatch.dispatch(ReflectionDispatch.java:36)
	at org.gradle.internal.dispatch.ReflectionDispatch.dispatch(ReflectionDispatch.java:24)
	at org.gradle.internal.remote.internal.hub.MessageHubBackedObjectConnection$DispatchWrapper.dispatch(MessageHubBackedObjectConnection.java:182)
	at org.gradle.internal.remote.internal.hub.MessageHubBackedObjectConnection$DispatchWrapper.dispatch(MessageHubBackedObjectConnection.java:164)
	at org.gradle.internal.remote.internal.hub.MessageHub$Handler.run(MessageHub.java:414)
	at org.gradle.internal.concurrent.ExecutorPolicy$CatchAndRecordFailures.onExecute(ExecutorPolicy.java:64)
	at org.gradle.internal.concurrent.ManagedExecutorImpl$1.run(ManagedExecutorImpl.java:48)
	at java.base/java.util.concurrent.ThreadPoolExecutor.runWorker(ThreadPoolExecutor.java:1128)
	at java.base/java.util.concurrent.ThreadPoolExecutor$Worker.run(ThreadPoolExecutor.java:628)
	at org.gradle.internal.concurrent.ThreadFactoryImpl$ManagedThreadRunnable.run(ThreadFactoryImpl.java:56)
	at java.base/java.lang.Thread.run(Thread.java:834)
</failure>
  </testcase>
  <system-out><![CDATA[?[1;31m
Start test 1?[0m

  .   ____          _            __ _ _
 /\\ / ___'_ __ _ _(_)_ __  __ _ \ \ \ \
( ( )\___ | '_ | '_| | '_ \/ _` | \ \ \ \
 \\/  ___)| |_)| | | | | || (_| |  ) ) ) )
  '  |____| .__|_| |_|_| |_\__, | / / / /
 =========|_|==============|___/=/_/_/_/
 :: Spring Boot ::        (v2.2.2.RELEASE)

2021-06-12 11:01:43.569  INFO 5708 --- [    Test worker] engine.WebQuizEngine                     : Starting WebQuizEngine on DESKTOP-U91GHR6 with PID 5708 (started by girsa in E:\Web Quiz Engine\Web Quiz Engine\task)
2021-06-12 11:01:43.587  INFO 5708 --- [    Test worker] engine.WebQuizEngine                     : No active profile set, falling back to default profiles: default
2021-06-12 11:01:46.638  INFO 5708 --- [    Test worker] o.s.b.w.embedded.tomcat.TomcatWebServer  : Tomcat initialized with port(s): 8889 (http)
2021-06-12 11:01:46.665  INFO 5708 --- [    Test worker] o.apache.catalina.core.StandardService   : Starting service [Tomcat]
2021-06-12 11:01:46.666  INFO 5708 --- [    Test worker] org.apache.catalina.core.StandardEngine  : Starting Servlet engine: [Apache Tomcat/9.0.29]
2021-06-12 11:01:46.872  INFO 5708 --- [    Test worker] o.a.c.c.C.[Tomcat].[localhost].[/]       : Initializing Spring embedded WebApplicationContext
2021-06-12 11:01:46.873  INFO 5708 --- [    Test worker] o.s.web.context.ContextLoader            : Root WebApplicationContext: initialization completed in 3168 ms
2021-06-12 11:01:47.962  INFO 5708 --- [    Test worker] o.s.s.concurrent.ThreadPoolTaskExecutor  : Initializing ExecutorService 'applicationTaskExecutor'
2021-06-12 11:01:48.644  INFO 5708 --- [    Test worker] o.s.b.a.e.web.EndpointLinksResolver      : Exposing 14 endpoint(s) beneath base path '/actuator'
2021-06-12 11:01:48.864  INFO 5708 --- [    Test worker] o.s.b.w.embedded.tomcat.TomcatWebServer  : Tomcat started on port(s): 8889 (http) with context path ''
2021-06-12 11:01:48.886  INFO 5708 --- [    Test worker] engine.WebQuizEngine                     : Started WebQuizEngine in 6.23 seconds (JVM running for 8.081)
2021-06-12 11:01:49.774  INFO 5708 --- [nio-8889-exec-1] o.a.c.c.C.[Tomcat].[localhost].[/]       : Initializing Spring DispatcherServlet 'dispatcherServlet'
2021-06-12 11:01:49.776  INFO 5708 --- [nio-8889-exec-1] o.s.web.servlet.DispatcherServlet        : Initializing Servlet 'dispatcherServlet'
2021-06-12 11:01:49.794  INFO 5708 --- [nio-8889-exec-1] o.s.web.servlet.DispatcherServlet        : Completed initialization in 17 ms
?[1;31m
Start test 2?[0m
?[1;31m
Start test 3?[0m
?[1;31m
Start test 4?[0m
?[1;31m
Start test 5?[0m
?[1;31m
Start test 6?[0m
?[1;31m
Start test 7?[0m
?[1;31m
Start test 8?[0m
?[1;31m
Start test 9?[0m
?[1;31m
Start test 10?[0m
Right answers: [2 ]
User answers: [0 ]
false|Wrong answer! Please, try again.
?[1;31m
Start test 11?[0m
Right answers: [2 ]
User answers: [1 ]
false|Wrong answer! Please, try again.
?[1;31m
Start test 12?[0m
Right answers: [2 ]
User answers: [2 ]
true|Congratulations, you're right!
?[1;31m
Start test 13?[0m
Right answers: [2 ]
User answers: [3 ]
false|Wrong answer! Please, try again.
?[1;31m
Start test 14?[0m
Right answers: [1 ]
User answers: [0 ]
false|Wrong answer! Please, try again.
?[1;31m
Start test 15?[0m
Right answers: [1 ]
User answers: [1 ]
true|Congratulations, you're right!
?[1;31m
Start test 16?[0m
Right answers: [1 ]
User answers: [2 ]
false|Wrong answer! Please, try again.
?[1;31m
Start test 17?[0m
Right answers: [1 ]
User answers: [3 ]
false|Wrong answer! Please, try again.
?[1;31m
Start test 18?[0m
2021-06-12 11:01:51.002  WARN 5708 --- [nio-8889-exec-8] .w.s.m.s.DefaultHandlerExceptionResolver : Resolved [org.springframework.http.converter.HttpMessageNotReadableException: JSON parse error: Unexpected character ('"' (code 34)): was expecting comma to separate Object entries; nested exception is com.fasterxml.jackson.core.JsonParseException: Unexpected character ('"' (code 34)): was expecting comma to separate Object entries
 at [Source: (PushbackInputStream); line: 4, column: 4]]
?[1;31m
Start test 19?[0m
2021-06-12 11:01:51.017  WARN 5708 --- [nio-8889-exec-9] .w.s.m.s.DefaultHandlerExceptionResolver : Resolved [org.springframework.http.converter.HttpMessageNotReadableException: JSON parse error: Unexpected character ('"' (code 34)): was expecting comma to separate Object entries; nested exception is com.fasterxml.jackson.core.JsonParseException: Unexpected character ('"' (code 34)): was expecting comma to separate Object entries
 at [Source: (PushbackInputStream); line: 5, column: 4]]
?[1;31m
Start test 20?[0m
2021-06-12 11:01:51.029  WARN 5708 --- [nio-8889-exec-2] .w.s.m.s.DefaultHandlerExceptionResolver : Resolved [org.springframework.http.converter.HttpMessageNotReadableException: JSON parse error: Unexpected character ('"' (code 34)): was expecting comma to separate Object entries; nested exception is com.fasterxml.jackson.core.JsonParseException: Unexpected character ('"' (code 34)): was expecting comma to separate Object entries
 at [Source: (PushbackInputStream); line: 4, column: 4]]
?[1;31m
Start test 21?[0m
2021-06-12 11:01:51.043  WARN 5708 --- [nio-8889-exec-1] .w.s.m.s.DefaultHandlerExceptionResolver : Resolved [org.springframework.http.converter.HttpMessageNotReadableException: JSON parse error: Unexpected character ('"' (code 34)): was expecting comma to separate Object entries; nested exception is com.fasterxml.jackson.core.JsonParseException: Unexpected character ('"' (code 34)): was expecting comma to separate Object entries
 at [Source: (PushbackInputStream); line: 5, column: 4]]
?[1;31m
Start test 22?[0m
2021-06-12 11:01:51.114  WARN 5708 --- [nio-8889-exec-3] .w.s.m.s.DefaultHandlerExceptionResolver : Resolved [org.springframework.web.bind.MethodArgumentNotValidException: Validation failed for argument [0] in public engine.entity.Quiz engine.controllers.QuizController.createQuiz(engine.entity.Quiz): [Field error in object 'quiz' on field 'options': rejected value [null]; codes [NotNull.quiz.options,NotNull.options,NotNull.[Ljava.lang.String;,NotNull]; arguments [org.springframework.context.support.DefaultMessageSourceResolvable: codes [quiz.options,options]; arguments []; default message [options]]; default message [must not be null]] ]
?[1;31m
Start test 23?[0m
2021-06-12 11:01:51.157  WARN 5708 --- [io-8889-exec-10] .w.s.m.s.DefaultHandlerExceptionResolver : Resolved [org.springframework.http.converter.HttpMessageNotReadableException: JSON parse error: Unexpected character ('"' (code 34)): was expecting comma to separate Object entries; nested exception is com.fasterxml.jackson.core.JsonParseException: Unexpected character ('"' (code 34)): was expecting comma to separate Object entries
 at [Source: (PushbackInputStream); line: 5, column: 4]]
?[1;31m
Start test 24?[0m
2021-06-12 11:01:51.170  WARN 5708 --- [nio-8889-exec-7] .w.s.m.s.DefaultHandlerExceptionResolver : Resolved [org.springframework.http.converter.HttpMessageNotReadableException: JSON parse error: Unexpected character ('"' (code 34)): was expecting comma to separate Object entries; nested exception is com.fasterxml.jackson.core.JsonParseException: Unexpected character ('"' (code 34)): was expecting comma to separate Object entries
 at [Source: (PushbackInputStream); line: 5, column: 4]]
?[1;31m
Start test 25?[0m
?[1;31m
Start test 26?[0m
?[1;31m
Start test 27?[0m
?[1;31m
Start test 28?[0m
Right answers: [0 1 ]
User answers: []
false|Wrong answer! Please, try again.
?[1;31m
Start test 29?[0m
Right answers: [0 1 ]
User answers: [0 ]
false|Wrong answer! Please, try again.
?[1;31m
Start test 30?[0m
Right answers: [0 1 ]
User answers: [1 ]
false|Wrong answer! Please, try again.
?[1;31m
Start test 31?[0m
Right answers: [0 1 ]
User answers: [2 ]
false|Wrong answer! Please, try again.
?[1;31m
Start test 32?[0m
Right answers: [0 1 ]
User answers: [3 ]
false|Wrong answer! Please, try again.
?[1;31m
Start test 33?[0m
Right answers: [0 1 ]
User answers: [0 1 ]
true|Congratulations, you're right!
?[1;31m
Start test 34?[0m
Right answers: [0 1 ]
User answers: [0 2 ]
false|Wrong answer! Please, try again.
?[1;31m
Start test 35?[0m
Right answers: [0 1 ]
User answers: [0 3 ]
false|Wrong answer! Please, try again.
?[1;31m
Start test 36?[0m
Right answers: [0 1 ]
User answers: [1 2 ]
false|Wrong answer! Please, try again.
?[1;31m
Start test 37?[0m
Right answers: [0 1 ]
User answers: [1 3 ]
false|Wrong answer! Please, try again.
?[1;31m
Start test 38?[0m
Right answers: [0 1 ]
User answers: [2 3 ]
false|Wrong answer! Please, try again.
?[1;31m
Start test 39?[0m
Right answers: [0 1 ]
User answers: [0 1 2 ]
false|Wrong answer! Please, try again.
?[1;31m
Start test 40?[0m
Right answers: [0 1 ]
User answers: [0 1 3 ]
false|Wrong answer! Please, try again.
?[1;31m
Start test 41?[0m
Right answers: [0 1 ]
User answers: [1 2 3 ]
false|Wrong answer! Please, try again.
?[1;31m
Start test 42?[0m
Right answers: [0 1 ]
User answers: [0 1 2 3 ]
false|Wrong answer! Please, try again.
?[1;31m
Start test 43?[0m
?[1;31m
Start test 44?[0m
?[1;31m
Start test 45?[0m
?[1;31m
Start test 46?[0m
Right answers: [1 3 ]
User answers: []
false|Wrong answer! Please, try again.
?[1;31m
Start test 47?[0m
Right answers: [1 3 ]
User answers: [0 ]
false|Wrong answer! Please, try again.
?[1;31m
Start test 48?[0m
Right answers: [1 3 ]
User answers: [1 ]
false|Wrong answer! Please, try again.
?[1;31m
Start test 49?[0m
Right answers: [1 3 ]
User answers: [2 ]
false|Wrong answer! Please, try again.
?[1;31m
Start test 50?[0m
Right answers: [1 3 ]
User answers: [3 ]
false|Wrong answer! Please, try again.
?[1;31m
Start test 51?[0m
Right answers: [1 3 ]
User answers: [0 1 ]
false|Wrong answer! Please, try again.
?[1;31m
Start test 52?[0m
Right answers: [1 3 ]
User answers: [0 2 ]
false|Wrong answer! Please, try again.
?[1;31m
Start test 53?[0m
Right answers: [1 3 ]
User answers: [0 3 ]
false|Wrong answer! Please, try again.
?[1;31m
Start test 54?[0m
Right answers: [1 3 ]
User answers: [1 2 ]
false|Wrong answer! Please, try again.
?[1;31m
Start test 55?[0m
Right answers: [1 3 ]
User answers: [1 3 ]
true|Congratulations, you're right!
?[1;31m
Start test 56?[0m
Right answers: [1 3 ]
User answers: [2 3 ]
false|Wrong answer! Please, try again.
?[1;31m
Start test 57?[0m
Right answers: [1 3 ]
User answers: [0 1 2 ]
false|Wrong answer! Please, try again.
?[1;31m
Start test 58?[0m
Right answers: [1 3 ]
User answers: [0 1 3 ]
false|Wrong answer! Please, try again.
?[1;31m
Start test 59?[0m
Right answers: [1 3 ]
User answers: [1 2 3 ]
false|Wrong answer! Please, try again.
?[1;31m
Start test 60?[0m
Right answers: [1 3 ]
User answers: [0 1 2 3 ]
false|Wrong answer! Please, try again.
?[1;31m
Start test 61?[0m
?[1;31m
Start test 62?[0m
?[1;31m
Start test 63?[0m
?[1;31m
Start test 64?[0m
Right answers: []
User answers: []
true|Congratulations, you're right!
?[1;31m
Start test 65?[0m
Right answers: []
User answers: [0 ]
false|Wrong answer! Please, try again.
?[1;31m
Start test 66?[0m
Right answers: []
User answers: [1 ]
false|Wrong answer! Please, try again.
?[1;31m
Start test 67?[0m
Right answers: []
User answers: [2 ]
false|Wrong answer! Please, try again.
?[1;31m
Start test 68?[0m
Right answers: []
User answers: [3 ]
false|Wrong answer! Please, try again.
?[1;31m
Start test 69?[0m
Right answers: []
User answers: [0 1 ]
false|Wrong answer! Please, try again.
?[1;31m
Start test 70?[0m
Right answers: []
User answers: [0 2 ]
false|Wrong answer! Please, try again.
?[1;31m
Start test 71?[0m
Right answers: []
User answers: [0 3 ]
false|Wrong answer! Please, try again.
?[1;31m
Start test 72?[0m
Right answers: []
User answers: [1 2 ]
false|Wrong answer! Please, try again.
?[1;31m
Start test 73?[0m
Right answers: []
User answers: [1 3 ]
false|Wrong answer! Please, try again.
?[1;31m
Start test 74?[0m
Right answers: []
User answers: [2 3 ]
false|Wrong answer! Please, try again.
?[1;31m
Start test 75?[0m
Right answers: []
User answers: [0 1 2 ]
false|Wrong answer! Please, try again.
?[1;31m
Start test 76?[0m
Right answers: []
User answers: [0 1 3 ]
false|Wrong answer! Please, try again.
?[1;31m
Start test 77?[0m
Right answers: []
User answers: [1 2 3 ]
false|Wrong answer! Please, try again.
?[1;31m
Start test 78?[0m
Right answers: []
User answers: [0 1 2 3 ]
false|Wrong answer! Please, try again.
?[1;31m
Start test 79?[0m
?[1;31m
Start test 80?[0m
?[1;31m
Start test 81?[0m
?[1;31m
Start test 82?[0m
Right answers: [2021-06-12 11:01:52.002 ERROR 5708 --- [nio-8889-exec-2] o.a.c.c.C.[.[.[/].[dispatcherServlet]    : Servlet.service() for servlet [dispatcherServlet] in context with path [] threw exception [Request processing failed; nested exception is java.lang.NullPointerException] with root cause

java.lang.NullPointerException: null
	at engine.service.Service.printArray(Service.java:65) ~[main/:na]
	at engine.service.Service.solveQuiz(Service.java:40) ~[main/:na]
	at engine.controllers.QuizController.solveQuiz(QuizController.java:49) ~[main/:na]
	at engine.controllers.QuizController$$FastClassBySpringCGLIB$$d9b92594.invoke(<generated>) ~[main/:na]
	at org.springframework.cglib.proxy.MethodProxy.invoke(MethodProxy.java:218) ~[spring-core-5.2.2.RELEASE.jar:5.2.2.RELEASE]
	at org.springframework.aop.framework.CglibAopProxy$CglibMethodInvocation.invokeJoinpoint(CglibAopProxy.java:769) ~[spring-aop-5.2.2.RELEASE.jar:5.2.2.RELEASE]
	at org.springframework.aop.framework.ReflectiveMethodInvocation.proceed(ReflectiveMethodInvocation.java:163) ~[spring-aop-5.2.2.RELEASE.jar:5.2.2.RELEASE]
	at org.springframework.aop.framework.CglibAopProxy$CglibMethodInvocation.proceed(CglibAopProxy.java:747) ~[spring-aop-5.2.2.RELEASE.jar:5.2.2.RELEASE]
	at org.springframework.validation.beanvalidation.MethodValidationInterceptor.invoke(MethodValidationInterceptor.java:120) ~[spring-context-5.2.2.RELEASE.jar:5.2.2.RELEASE]
	at org.springframework.aop.framework.ReflectiveMethodInvocation.proceed(ReflectiveMethodInvocation.java:186) ~[spring-aop-5.2.2.RELEASE.jar:5.2.2.RELEASE]
	at org.springframework.aop.framework.CglibAopProxy$CglibMethodInvocation.proceed(CglibAopProxy.java:747) ~[spring-aop-5.2.2.RELEASE.jar:5.2.2.RELEASE]
	at org.springframework.aop.framework.CglibAopProxy$DynamicAdvisedInterceptor.intercept(CglibAopProxy.java:689) ~[spring-aop-5.2.2.RELEASE.jar:5.2.2.RELEASE]
	at engine.controllers.QuizController$$EnhancerBySpringCGLIB$$a51a948f.solveQuiz(<generated>) ~[main/:na]
	at jdk.internal.reflect.GeneratedMethodAccessor40.invoke(Unknown Source) ~[na:na]
	at java.base/jdk.internal.reflect.DelegatingMethodAccessorImpl.invoke(DelegatingMethodAccessorImpl.java:43) ~[na:na]
	at java.base/java.lang.reflect.Method.invoke(Method.java:566) ~[na:na]
	at org.springframework.web.method.support.InvocableHandlerMethod.doInvoke(InvocableHandlerMethod.java:190) ~[spring-web-5.2.2.RELEASE.jar:5.2.2.RELEASE]
	at org.springframework.web.method.support.InvocableHandlerMethod.invokeForRequest(InvocableHandlerMethod.java:138) ~[spring-web-5.2.2.RELEASE.jar:5.2.2.RELEASE]
	at org.springframework.web.servlet.mvc.method.annotation.ServletInvocableHandlerMethod.invokeAndHandle(ServletInvocableHandlerMethod.java:106) ~[spring-webmvc-5.2.2.RELEASE.jar:5.2.2.RELEASE]
	at org.springframework.web.servlet.mvc.method.annotation.RequestMappingHandlerAdapter.invokeHandlerMethod(RequestMappingHandlerAdapter.java:888) ~[spring-webmvc-5.2.2.RELEASE.jar:5.2.2.RELEASE]
	at org.springframework.web.servlet.mvc.method.annotation.RequestMappingHandlerAdapter.handleInternal(RequestMappingHandlerAdapter.java:793) ~[spring-webmvc-5.2.2.RELEASE.jar:5.2.2.RELEASE]
	at org.springframework.web.servlet.mvc.method.AbstractHandlerMethodAdapter.handle(AbstractHandlerMethodAdapter.java:87) ~[spring-webmvc-5.2.2.RELEASE.jar:5.2.2.RELEASE]
	at org.springframework.web.servlet.DispatcherServlet.doDispatch(DispatcherServlet.java:1040) ~[spring-webmvc-5.2.2.RELEASE.jar:5.2.2.RELEASE]
	at org.springframework.web.servlet.DispatcherServlet.doService(DispatcherServlet.java:943) ~[spring-webmvc-5.2.2.RELEASE.jar:5.2.2.RELEASE]
	at org.springframework.web.servlet.FrameworkServlet.processRequest(FrameworkServlet.java:1006) ~[spring-webmvc-5.2.2.RELEASE.jar:5.2.2.RELEASE]
	at org.springframework.web.servlet.FrameworkServlet.doPost(FrameworkServlet.java:909) ~[spring-webmvc-5.2.2.RELEASE.jar:5.2.2.RELEASE]
	at javax.servlet.http.HttpServlet.service(HttpServlet.java:660) ~[tomcat-embed-core-9.0.29.jar:9.0.29]
	at org.springframework.web.servlet.FrameworkServlet.service(FrameworkServlet.java:883) ~[spring-webmvc-5.2.2.RELEASE.jar:5.2.2.RELEASE]
	at javax.servlet.http.HttpServlet.service(HttpServlet.java:741) ~[tomcat-embed-core-9.0.29.jar:9.0.29]
	at jdk.internal.reflect.GeneratedMethodAccessor36.invoke(Unknown Source) ~[na:na]
	at java.base/jdk.internal.reflect.DelegatingMethodAccessorImpl.invoke(DelegatingMethodAccessorImpl.java:43) ~[na:na]
	at java.base/java.lang.reflect.Method.invoke(Method.java:566) ~[na:na]
	at org.apache.catalina.security.SecurityUtil$1.run(SecurityUtil.java:282) ~[tomcat-embed-core-9.0.29.jar:9.0.29]
	at org.apache.catalina.security.SecurityUtil$1.run(SecurityUtil.java:279) ~[tomcat-embed-core-9.0.29.jar:9.0.29]
	at java.base/java.security.AccessController.doPrivileged(Native Method) ~[na:na]
	at java.base/javax.security.auth.Subject.doAsPrivileged(Subject.java:550) ~[na:na]
	at org.apache.catalina.security.SecurityUtil.execute(SecurityUtil.java:314) ~[tomcat-embed-core-9.0.29.jar:9.0.29]
	at org.apache.catalina.security.SecurityUtil.doAsPrivilege(SecurityUtil.java:170) ~[tomcat-embed-core-9.0.29.jar:9.0.29]
	at org.apache.catalina.core.ApplicationFilterChain.internalDoFilter(ApplicationFilterChain.java:225) ~[tomcat-embed-core-9.0.29.jar:9.0.29]
	at org.apache.catalina.core.ApplicationFilterChain.access$000(ApplicationFilterChain.java:47) ~[tomcat-embed-core-9.0.29.jar:9.0.29]
	at org.apache.catalina.core.ApplicationFilterChain$1.run(ApplicationFilterChain.java:149) ~[tomcat-embed-core-9.0.29.jar:9.0.29]
	at org.apache.catalina.core.ApplicationFilterChain$1.run(ApplicationFilterChain.java:145) ~[tomcat-embed-core-9.0.29.jar:9.0.29]
	at java.base/java.security.AccessController.doPrivileged(Native Method) ~[na:na]
	at org.apache.catalina.core.ApplicationFilterChain.doFilter(ApplicationFilterChain.java:144) ~[tomcat-embed-core-9.0.29.jar:9.0.29]
	at org.apache.tomcat.websocket.server.WsFilter.doFilter(WsFilter.java:53) ~[tomcat-embed-websocket-9.0.29.jar:9.0.29]
	at jdk.internal.reflect.GeneratedMethodAccessor35.invoke(Unknown Source) ~[na:na]
	at java.base/jdk.internal.reflect.DelegatingMethodAccessorImpl.invoke(DelegatingMethodAccessorImpl.java:43) ~[na:na]
	at java.base/java.lang.reflect.Method.invoke(Method.java:566) ~[na:na]
	at org.apache.catalina.security.SecurityUtil$1.run(SecurityUtil.java:282) ~[tomcat-embed-core-9.0.29.jar:9.0.29]
	at org.apache.catalina.security.SecurityUtil$1.run(SecurityUtil.java:279) ~[tomcat-embed-core-9.0.29.jar:9.0.29]
	at java.base/java.security.AccessController.doPrivileged(Native Method) ~[na:na]
	at java.base/javax.security.auth.Subject.doAsPrivileged(Subject.java:550) ~[na:na]
	at org.apache.catalina.security.SecurityUtil.execute(SecurityUtil.java:314) ~[tomcat-embed-core-9.0.29.jar:9.0.29]
	at org.apache.catalina.security.SecurityUtil.doAsPrivilege(SecurityUtil.java:253) ~[tomcat-embed-core-9.0.29.jar:9.0.29]
	at org.apache.catalina.core.ApplicationFilterChain.internalDoFilter(ApplicationFilterChain.java:191) ~[tomcat-embed-core-9.0.29.jar:9.0.29]
	at org.apache.catalina.core.ApplicationFilterChain.access$000(ApplicationFilterChain.java:47) ~[tomcat-embed-core-9.0.29.jar:9.0.29]
	at org.apache.catalina.core.ApplicationFilterChain$1.run(ApplicationFilterChain.java:149) ~[tomcat-embed-core-9.0.29.jar:9.0.29]
	at org.apache.catalina.core.ApplicationFilterChain$1.run(ApplicationFilterChain.java:145) ~[tomcat-embed-core-9.0.29.jar:9.0.29]
	at java.base/java.security.AccessController.doPrivileged(Native Method) ~[na:na]
	at org.apache.catalina.core.ApplicationFilterChain.doFilter(ApplicationFilterChain.java:144) ~[tomcat-embed-core-9.0.29.jar:9.0.29]
	at org.springframework.web.filter.RequestContextFilter.doFilterInternal(RequestContextFilter.java:100) ~[spring-web-5.2.2.RELEASE.jar:5.2.2.RELEASE]
	at org.springframework.web.filter.OncePerRequestFilter.doFilter(OncePerRequestFilter.java:119) ~[spring-web-5.2.2.RELEASE.jar:5.2.2.RELEASE]
	at jdk.internal.reflect.GeneratedMethodAccessor35.invoke(Unknown Source) ~[na:na]
	at java.base/jdk.internal.reflect.DelegatingMethodAccessorImpl.invoke(DelegatingMethodAccessorImpl.java:43) ~[na:na]
	at java.base/java.lang.reflect.Method.invoke(Method.java:566) ~[na:na]
	at org.apache.catalina.security.SecurityUtil$1.run(SecurityUtil.java:282) ~[tomcat-embed-core-9.0.29.jar:9.0.29]
	at org.apache.catalina.security.SecurityUtil$1.run(SecurityUtil.java:279) ~[tomcat-embed-core-9.0.29.jar:9.0.29]
	at java.base/java.security.AccessController.doPrivileged(Native Method) ~[na:na]
	at java.base/javax.security.auth.Subject.doAsPrivileged(Subject.java:550) ~[na:na]
	at org.apache.catalina.security.SecurityUtil.execute(SecurityUtil.java:314) ~[tomcat-embed-core-9.0.29.jar:9.0.29]
	at org.apache.catalina.security.SecurityUtil.doAsPrivilege(SecurityUtil.java:253) ~[tomcat-embed-core-9.0.29.jar:9.0.29]
	at org.apache.catalina.core.ApplicationFilterChain.internalDoFilter(ApplicationFilterChain.java:191) ~[tomcat-embed-core-9.0.29.jar:9.0.29]
	at org.apache.catalina.core.ApplicationFilterChain.access$000(ApplicationFilterChain.java:47) ~[tomcat-embed-core-9.0.29.jar:9.0.29]
	at org.apache.catalina.core.ApplicationFilterChain$1.run(ApplicationFilterChain.java:149) ~[tomcat-embed-core-9.0.29.jar:9.0.29]
	at org.apache.catalina.core.ApplicationFilterChain$1.run(ApplicationFilterChain.java:145) ~[tomcat-embed-core-9.0.29.jar:9.0.29]
	at java.base/java.security.AccessController.doPrivileged(Native Method) ~[na:na]
	at org.apache.catalina.core.ApplicationFilterChain.doFilter(ApplicationFilterChain.java:144) ~[tomcat-embed-core-9.0.29.jar:9.0.29]
	at org.springframework.web.filter.FormContentFilter.doFilterInternal(FormContentFilter.java:93) ~[spring-web-5.2.2.RELEASE.jar:5.2.2.RELEASE]
	at org.springframework.web.filter.OncePerRequestFilter.doFilter(OncePerRequestFilter.java:119) ~[spring-web-5.2.2.RELEASE.jar:5.2.2.RELEASE]
	at jdk.internal.reflect.GeneratedMethodAccessor35.invoke(Unknown Source) ~[na:na]
	at java.base/jdk.internal.reflect.DelegatingMethodAccessorImpl.invoke(DelegatingMethodAccessorImpl.java:43) ~[na:na]
	at java.base/java.lang.reflect.Method.invoke(Method.java:566) ~[na:na]
	at org.apache.catalina.security.SecurityUtil$1.run(SecurityUtil.java:282) ~[tomcat-embed-core-9.0.29.jar:9.0.29]
	at org.apache.catalina.security.SecurityUtil$1.run(SecurityUtil.java:279) ~[tomcat-embed-core-9.0.29.jar:9.0.29]
	at java.base/java.security.AccessController.doPrivileged(Native Method) ~[na:na]
	at java.base/javax.security.auth.Subject.doAsPrivileged(Subject.java:550) ~[na:na]
	at org.apache.catalina.security.SecurityUtil.execute(SecurityUtil.java:314) ~[tomcat-embed-core-9.0.29.jar:9.0.29]
	at org.apache.catalina.security.SecurityUtil.doAsPrivilege(SecurityUtil.java:253) ~[tomcat-embed-core-9.0.29.jar:9.0.29]
	at org.apache.catalina.core.ApplicationFilterChain.internalDoFilter(ApplicationFilterChain.java:191) ~[tomcat-embed-core-9.0.29.jar:9.0.29]
	at org.apache.catalina.core.ApplicationFilterChain.access$000(ApplicationFilterChain.java:47) ~[tomcat-embed-core-9.0.29.jar:9.0.29]
	at org.apache.catalina.core.ApplicationFilterChain$1.run(ApplicationFilterChain.java:149) ~[tomcat-embed-core-9.0.29.jar:9.0.29]
	at org.apache.catalina.core.ApplicationFilterChain$1.run(ApplicationFilterChain.java:145) ~[tomcat-embed-core-9.0.29.jar:9.0.29]
	at java.base/java.security.AccessController.doPrivileged(Native Method) ~[na:na]
	at org.apache.catalina.core.ApplicationFilterChain.doFilter(ApplicationFilterChain.java:144) ~[tomcat-embed-core-9.0.29.jar:9.0.29]
	at org.springframework.boot.actuate.metrics.web.servlet.WebMvcMetricsFilter.doFilterInternal(WebMvcMetricsFilter.java:108) ~[spring-boot-actuator-2.2.2.RELEASE.jar:2.2.2.RELEASE]
	at org.springframework.web.filter.OncePerRequestFilter.doFilter(OncePerRequestFilter.java:119) ~[spring-web-5.2.2.RELEASE.jar:5.2.2.RELEASE]
	at jdk.internal.reflect.GeneratedMethodAccessor35.invoke(Unknown Source) ~[na:na]
	at java.base/jdk.internal.reflect.DelegatingMethodAccessorImpl.invoke(DelegatingMethodAccessorImpl.java:43) ~[na:na]
	at java.base/java.lang.reflect.Method.invoke(Method.java:566) ~[na:na]
	at org.apache.catalina.security.SecurityUtil$1.run(SecurityUtil.java:282) ~[tomcat-embed-core-9.0.29.jar:9.0.29]
	at org.apache.catalina.security.SecurityUtil$1.run(SecurityUtil.java:279) ~[tomcat-embed-core-9.0.29.jar:9.0.29]
	at java.base/java.security.AccessController.doPrivileged(Native Method) ~[na:na]
	at java.base/javax.security.auth.Subject.doAsPrivileged(Subject.java:550) ~[na:na]
	at org.apache.catalina.security.SecurityUtil.execute(SecurityUtil.java:314) ~[tomcat-embed-core-9.0.29.jar:9.0.29]
	at org.apache.catalina.security.SecurityUtil.doAsPrivilege(SecurityUtil.java:253) ~[tomcat-embed-core-9.0.29.jar:9.0.29]
	at org.apache.catalina.core.ApplicationFilterChain.internalDoFilter(ApplicationFilterChain.java:191) ~[tomcat-embed-core-9.0.29.jar:9.0.29]
	at org.apache.catalina.core.ApplicationFilterChain.access$000(ApplicationFilterChain.java:47) ~[tomcat-embed-core-9.0.29.jar:9.0.29]
	at org.apache.catalina.core.ApplicationFilterChain$1.run(ApplicationFilterChain.java:149) ~[tomcat-embed-core-9.0.29.jar:9.0.29]
	at org.apache.catalina.core.ApplicationFilterChain$1.run(ApplicationFilterChain.java:145) ~[tomcat-embed-core-9.0.29.jar:9.0.29]
	at java.base/java.security.AccessController.doPrivileged(Native Method) ~[na:na]
	at org.apache.catalina.core.ApplicationFilterChain.doFilter(ApplicationFilterChain.java:144) ~[tomcat-embed-core-9.0.29.jar:9.0.29]
	at org.springframework.web.filter.CharacterEncodingFilter.doFilterInternal(CharacterEncodingFilter.java:201) ~[spring-web-5.2.2.RELEASE.jar:5.2.2.RELEASE]
	at org.springframework.web.filter.OncePerRequestFilter.doFilter(OncePerRequestFilter.java:119) ~[spring-web-5.2.2.RELEASE.jar:5.2.2.RELEASE]
	at jdk.internal.reflect.GeneratedMethodAccessor35.invoke(Unknown Source) ~[na:na]
	at java.base/jdk.internal.reflect.DelegatingMethodAccessorImpl.invoke(DelegatingMethodAccessorImpl.java:43) ~[na:na]
	at java.base/java.lang.reflect.Method.invoke(Method.java:566) ~[na:na]
	at org.apache.catalina.security.SecurityUtil$1.run(SecurityUtil.java:282) ~[tomcat-embed-core-9.0.29.jar:9.0.29]
	at org.apache.catalina.security.SecurityUtil$1.run(SecurityUtil.java:279) ~[tomcat-embed-core-9.0.29.jar:9.0.29]
	at java.base/java.security.AccessController.doPrivileged(Native Method) ~[na:na]
	at java.base/javax.security.auth.Subject.doAsPrivileged(Subject.java:550) ~[na:na]
	at org.apache.catalina.security.SecurityUtil.execute(SecurityUtil.java:314) ~[tomcat-embed-core-9.0.29.jar:9.0.29]
	at org.apache.catalina.security.SecurityUtil.doAsPrivilege(SecurityUtil.java:253) ~[tomcat-embed-core-9.0.29.jar:9.0.29]
	at org.apache.catalina.core.ApplicationFilterChain.internalDoFilter(ApplicationFilterChain.java:191) ~[tomcat-embed-core-9.0.29.jar:9.0.29]
	at org.apache.catalina.core.ApplicationFilterChain.access$000(ApplicationFilterChain.java:47) ~[tomcat-embed-core-9.0.29.jar:9.0.29]
	at org.apache.catalina.core.ApplicationFilterChain$1.run(ApplicationFilterChain.java:149) ~[tomcat-embed-core-9.0.29.jar:9.0.29]
	at org.apache.catalina.core.ApplicationFilterChain$1.run(ApplicationFilterChain.java:145) ~[tomcat-embed-core-9.0.29.jar:9.0.29]
	at java.base/java.security.AccessController.doPrivileged(Native Method) ~[na:na]
	at org.apache.catalina.core.ApplicationFilterChain.doFilter(ApplicationFilterChain.java:144) ~[tomcat-embed-core-9.0.29.jar:9.0.29]
	at org.apache.catalina.core.StandardWrapperValve.invoke(StandardWrapperValve.java:202) ~[tomcat-embed-core-9.0.29.jar:9.0.29]
	at org.apache.catalina.core.StandardContextValve.invoke(StandardContextValve.java:96) ~[tomcat-embed-core-9.0.29.jar:9.0.29]
	at org.apache.catalina.authenticator.AuthenticatorBase.invoke(AuthenticatorBase.java:526) ~[tomcat-embed-core-9.0.29.jar:9.0.29]
	at org.apache.catalina.core.StandardHostValve.invoke(StandardHostValve.java:139) ~[tomcat-embed-core-9.0.29.jar:9.0.29]
	at org.apache.catalina.valves.ErrorReportValve.invoke(ErrorReportValve.java:92) ~[tomcat-embed-core-9.0.29.jar:9.0.29]
	at org.apache.catalina.core.StandardEngineValve.invoke(StandardEngineValve.java:74) ~[tomcat-embed-core-9.0.29.jar:9.0.29]
	at org.apache.catalina.connector.CoyoteAdapter.service(CoyoteAdapter.java:343) ~[tomcat-embed-core-9.0.29.jar:9.0.29]
	at org.apache.coyote.http11.Http11Processor.service(Http11Processor.java:367) ~[tomcat-embed-core-9.0.29.jar:9.0.29]
	at org.apache.coyote.AbstractProcessorLight.process(AbstractProcessorLight.java:65) ~[tomcat-embed-core-9.0.29.jar:9.0.29]
	at org.apache.coyote.AbstractProtocol$ConnectionHandler.process(AbstractProtocol.java:860) ~[tomcat-embed-core-9.0.29.jar:9.0.29]
	at org.apache.tomcat.util.net.NioEndpoint$SocketProcessor.doRun(NioEndpoint.java:1591) ~[tomcat-embed-core-9.0.29.jar:9.0.29]
	at org.apache.tomcat.util.net.SocketProcessorBase.run(SocketProcessorBase.java:49) ~[tomcat-embed-core-9.0.29.jar:9.0.29]
	at java.base/java.util.concurrent.ThreadPoolExecutor.runWorker(ThreadPoolExecutor.java:1128) ~[na:na]
	at java.base/java.util.concurrent.ThreadPoolExecutor$Worker.run(ThreadPoolExecutor.java:628) ~[na:na]
	at org.apache.tomcat.util.threads.TaskThread$WrappingRunnable.run(TaskThread.java:61) ~[tomcat-embed-core-9.0.29.jar:9.0.29]
	at java.base/java.lang.Thread.run(Thread.java:834) ~[na:na]

]]></system-out>
  <system-err><![CDATA[]]></system-err>
</testsuite>
